Running: fuse.exe -relaunch -intstyle "ise" -incremental -o "O:/network_digitaldesign/DigitalDesign/lab5/lab5/bram_TB_isim_beh.exe" -prj "O:/network_digitaldesign/DigitalDesign/lab5/lab5/bram_TB_beh.prj" "work.bram_TB" 
ISim P.49d (signature 0x7708f090)
Number of CPUs detected in this system: 4
Turning on mult-threading, number of parallel sub-compilation jobs: 8 
Determining compilation order of HDL files
Parsing VHDL file "O:/network_digitaldesign/DigitalDesign/lab5/lab5/../../Lab4_new/lab4/bram_hlsm.vhd" into library work
Parsing VHDL file "O:/network_digitaldesign/DigitalDesign/lab5/lab5/bram_TB.vhd" into library work
Starting static elaboration
Completed static elaboration
Compiling package standard
Compiling package std_logic_1164
Compiling package numeric_std
Compiling architecture behavioral of entity bram_hlsm [bram_hlsm_default]
Compiling architecture behavior of entity bram_tb
Time Resolution for simulation is 1ps.
Waiting for 1 sub-compilation(s) to finish...
Compiled 6 VHDL Units
Built simulation executable O:/network_digitaldesign/DigitalDesign/lab5/lab5/bram_TB_isim_beh.exe
Fuse Memory Usage: 36668 KB
Fuse CPU Usage: 716 ms
