ISim log file
Running: O:\network_digitaldesign\DigitalDesign\finallab\final_lab\bram_TB_isim_beh.exe -intstyle ise -gui -tclbatch isim.cmd -wdb O:/network_digitaldesign/DigitalDesign/finallab/final_lab/bram_TB_isim_beh.wdb 
ISim P.49d (signature 0x7708f090)
This is a Full version of ISim.
Time resolution is 1 ps
# onerror resume
# wave add /
# run 1000 ns
Simulator is doing circuit initialization process.
at 0 ps, Instance /bram_tb/uut/U3/ : Warning: NUMERIC_STD."=": metavalue detected, returning FALSE
Finished circuit initialization process.
# restart
# run 6 ms
Simulator is doing circuit initialization process.
at 0 ps, Instance /bram_tb/uut/U3/ : Warning: NUMERIC_STD."=": metavalue detected, returning FALSE
Finished circuit initialization process.
ISim P.49d (signature 0x7708f090)
This is a Full version of ISim.
# run 1000 ns
Simulator is doing circuit initialization process.
at 0 ps, Instance /bram_tb/uut/U3/ : Warning: NUMERIC_STD."=": metavalue detected, returning FALSE
Finished circuit initialization process.
# run 6 ms
