ISim log file
Running: O:\Desktop\Digitaldesign\Postlab2\Lab2_updown_tb_isim_beh.exe -intstyle ise -gui -tclbatch isim.cmd -wdb O:/Desktop/Digitaldesign/Postlab2/Lab2_updown_tb_isim_beh.wdb 
ISim P.49d (signature 0x7708f090)
This is a Full version of ISim.
Time resolution is 1 ps
# onerror resume
# wave add /
# run 1000 ns
Simulator is doing circuit initialization process.
Finished circuit initialization process.
# run 1.00ps
# run 1.00ps
# run 1.00ps
# run 1.00ps
# run 1.00ps
# run 1.00ps
# run 1.00ps
# run 1.00ps
# run 1.00ps
# run 1.00ps
# run 1.00ps
# run 1.00ps
# run 1.00ps
# run 1.00ps
# run 1.00ps
# run 1.00ps
# run 1.00ps
# run 1.00ps
# run 1.00ps
# run 1.00ps
# run 1.00ps
# run 1.00ps
# run 1.00ps
# run 1.00ps
# run 1.00ns
# run 1.00ns
# run 1.00ns
# run 1.00ns
# run 1.00ns
# run 1.00ns
# run 1.00ns
# run 1.00ns
# run 1.00ns
# run 1.00ns
# run 1.00ns
# run 1.00ns
# run 1.00ns
# run 1.00ns
# run 1.00ns
# run 1.00ns
# run 1.00ns
# run 1.00ns
# run 1.00ns
# run 1.00ns
# run 1.00ns
# run 1.00ns
# run 1.00ns
# run 1.00ns
# run 1.00ns
# run all
Stopped at time : 922737550 ns : File "//thayerfs/d36937q/Desktop/Digitaldesign/Postlab2/TwoBitUpDownCtr[1].vhd" Line 45
ISim P.49d (signature 0x7708f090)
This is a Full version of ISim.
# run 1000 ns
Simulator is doing circuit initialization process.
Finished circuit initialization process.
ISim P.49d (signature 0x7708f090)
This is a Full version of ISim.
# run 1000 ns
Simulator is doing circuit initialization process.
Finished circuit initialization process.
