Release 14.4 - xst P.49d (nt64)
Copyright (c) 1995-2012 Xilinx, Inc.  All rights reserved.
--> Parameter TMPDIR set to xst/projnav.tmp


Total REAL time to Xst completion: 0.00 secs
Total CPU time to Xst completion: 0.24 secs
 
--> Parameter xsthdpdir set to xst


Total REAL time to Xst completion: 0.00 secs
Total CPU time to Xst completion: 0.24 secs
 
--> Reading design: cmplx_mag.prj

TABLE OF CONTENTS
  1) Synthesis Options Summary
  2) HDL Compilation
  3) Design Hierarchy Analysis
  4) HDL Analysis
  5) HDL Synthesis
     5.1) HDL Synthesis Report
  6) Advanced HDL Synthesis
     6.1) Advanced HDL Synthesis Report
  7) Low Level Synthesis
  8) Partition Report
  9) Final Report
	9.1) Device utilization summary
	9.2) Partition Resource Summary
	9.3) TIMING REPORT


=========================================================================
*                      Synthesis Options Summary                        *
=========================================================================
---- Source Parameters
Input File Name                    : "cmplx_mag.prj"
Input Format                       : mixed
Ignore Synthesis Constraint File   : NO

---- Target Parameters
Output File Name                   : "cmplx_mag"
Output Format                      : NGC
Target Device                      : xc3s500e-4-cp132

---- Source Options
Top Module Name                    : cmplx_mag
Automatic FSM Extraction           : YES
FSM Encoding Algorithm             : Auto
Safe Implementation                : No
FSM Style                          : LUT
RAM Extraction                     : Yes
RAM Style                          : Auto
ROM Extraction                     : Yes
Mux Style                          : Auto
Decoder Extraction                 : YES
Priority Encoder Extraction        : Yes
Shift Register Extraction          : YES
Logical Shifter Extraction         : YES
XOR Collapsing                     : YES
ROM Style                          : Auto
Mux Extraction                     : Yes
Resource Sharing                   : YES
Asynchronous To Synchronous        : NO
Multiplier Style                   : Auto
Automatic Register Balancing       : No

---- Target Options
Add IO Buffers                     : YES
Global Maximum Fanout              : 500
Add Generic Clock Buffer(BUFG)     : 24
Register Duplication               : YES
Slice Packing                      : YES
Optimize Instantiated Primitives   : NO
Use Clock Enable                   : Yes
Use Synchronous Set                : Yes
Use Synchronous Reset              : Yes
Pack IO Registers into IOBs        : Auto
Equivalent register Removal        : YES

---- General Options
Optimization Goal                  : Speed
Optimization Effort                : 1
Keep Hierarchy                     : No
Netlist Hierarchy                  : As_Optimized
RTL Output                         : Yes
Global Optimization                : AllClockNets
Read Cores                         : YES
Write Timing Constraints           : NO
Cross Clock Analysis               : NO
Hierarchy Separator                : /
Bus Delimiter                      : <>
Case Specifier                     : Maintain
Slice Utilization Ratio            : 100
BRAM Utilization Ratio             : 100
Verilog 2001                       : YES
Auto BRAM Packing                  : NO
Slice Utilization Ratio Delta      : 5

=========================================================================


=========================================================================
*                          HDL Compilation                              *
=========================================================================
Compiling vhdl file "//thayerfs/d36937q/Desktop/Digitaldesign/Lab 3/lab3_prob5/cmplx_mag.vhd" in Library work.
Entity <cmplx_mag> compiled.
Entity <cmplx_mag> (Architecture <behavioral>) compiled.

=========================================================================
*                     Design Hierarchy Analysis                         *
=========================================================================
Analyzing hierarchy for entity <cmplx_mag> in library <work> (architecture <behavioral>).


=========================================================================
*                            HDL Analysis                               *
=========================================================================
Analyzing Entity <cmplx_mag> in library <work> (Architecture <behavioral>).
WARNING:Xst:819 - "//thayerfs/d36937q/Desktop/Digitaldesign/Lab 3/lab3_prob5/cmplx_mag.vhd" line 53: One or more signals are missing in the process sensitivity list. To enable synthesis of FPGA/CPLD hardware, XST will assume that all necessary signals are present in the sensitivity list. Please note that the result of the synthesis may differ from the initial design specification. The missing signals are:
   <abs_a>, <abs_b>, <shift_b>
Entity <cmplx_mag> analyzed. Unit <cmplx_mag> generated.


=========================================================================
*                           HDL Synthesis                               *
=========================================================================

Performing bidirectional port resolution...

Synthesizing Unit <cmplx_mag>.
    Related source file is "//thayerfs/d36937q/Desktop/Digitaldesign/Lab 3/lab3_prob5/cmplx_mag.vhd".
WARNING:Xst:647 - Input <CLK> is never used. This port will be preserved and left unconnected if it belongs to a top-level block or it belongs to a sub-block and the hierarchy of this sub-block is preserved.
WARNING:Xst:646 - Signal <shift_a> is assigned but never used. This unconnected signal will be trimmed during the optimization process.
WARNING:Xst:737 - Found 8-bit latch for signal <shift_b>. Latches may be generated from incomplete case or if statements. We do not recommend the use of latches in FPGA/CPLD designs, as they may lead to timing problems.
    Found 8-bit adder for signal <abs_a$addsub0000>.
    Found 8-bit adder for signal <abs_b$addsub0000>.
    Found 8-bit adder for signal <mag>.
    Found 8-bit comparator greater for signal <shift_b$cmp_gt0000> created at line 56.
    Summary:
	inferred   3 Adder/Subtractor(s).
	inferred   1 Comparator(s).
Unit <cmplx_mag> synthesized.


=========================================================================
HDL Synthesis Report

Macro Statistics
# Adders/Subtractors                                   : 3
 8-bit adder                                           : 3
# Latches                                              : 1
 8-bit latch                                           : 1
# Comparators                                          : 1
 8-bit comparator greater                              : 1

=========================================================================

=========================================================================
*                       Advanced HDL Synthesis                          *
=========================================================================

WARNING:Xst:1293 - FF/Latch <0> has a constant value of 0 in block <7>. This FF/Latch will be trimmed during the optimization process.

=========================================================================
Advanced HDL Synthesis Report

Macro Statistics
# Adders/Subtractors                                   : 3
 8-bit adder                                           : 3
# Latches                                              : 1
 8-bit latch                                           : 1
# Comparators                                          : 1
 8-bit comparator greater                              : 1

=========================================================================

=========================================================================
*                         Low Level Synthesis                           *
=========================================================================
WARNING:Xst:1293 - FF/Latch <7> has a constant value of 0 in block <LPM_LATCH_1>. This FF/Latch will be trimmed during the optimization process.

Optimizing unit <cmplx_mag> ...

Mapping all equations...
Building and optimizing final netlist ...
Found area constraint ratio of 100 (+ 5) on block cmplx_mag, actual ratio is 0.

Final Macro Processing ...

=========================================================================
Final Register Report

Found no macro
=========================================================================

=========================================================================
*                           Partition Report                            *
=========================================================================

Partition Implementation Status
-------------------------------

  No Partitions were found in this design.

-------------------------------

=========================================================================
*                            Final Report                               *
=========================================================================
Final Results
RTL Top Level Output File Name     : cmplx_mag.ngr
Top Level Output File Name         : cmplx_mag
Output Format                      : NGC
Optimization Goal                  : Speed
Keep Hierarchy                     : No

Design Statistics
# IOs                              : 25

Cell Usage :
# BELS                             : 62
#      GND                         : 1
#      INV                         : 1
#      LUT2                        : 8
#      LUT3                        : 10
#      LUT4                        : 17
#      MULT_AND                    : 1
#      MUXCY                       : 15
#      VCC                         : 1
#      XORCY                       : 8
# FlipFlops/Latches                : 7
#      LD                          : 7
# IO Buffers                       : 24
#      IBUF                        : 16
#      OBUF                        : 8
=========================================================================

Device utilization summary:
---------------------------

Selected Device : 3s500ecp132-4 

 Number of Slices:                       19  out of   4656     0%  
 Number of Slice Flip Flops:              7  out of   9312     0%  
 Number of 4 input LUTs:                 36  out of   9312     0%  
 Number of IOs:                          25
 Number of bonded IOBs:                  24  out of     92    26%  

---------------------------
Partition Resource Summary:
---------------------------

  No Partitions were found in this design.

---------------------------


=========================================================================
TIMING REPORT

NOTE: THESE TIMING NUMBERS ARE ONLY A SYNTHESIS ESTIMATE.
      FOR ACCURATE TIMING INFORMATION PLEASE REFER TO THE TRACE REPORT
      GENERATED AFTER PLACE-and-ROUTE.

Clock Information:
------------------
--------------------------------------------------------------------+------------------------+-------+
Clock Signal                                                        | Clock buffer(FF name)  | Load  |
--------------------------------------------------------------------+------------------------+-------+
Mcompar_shift_b_cmp_gt0000_cy<7>(Mcompar_shift_b_cmp_gt0000_cy<7>:O)| NONE(*)(shift_b_0)     | 7     |
--------------------------------------------------------------------+------------------------+-------+
(*) This 1 clock signal(s) are generated by combinatorial logic,
and XST is not able to identify which are the primary clock signals.
Please use the CLOCK_SIGNAL constraint to specify the clock signal(s) generated by combinatorial logic.
INFO:Xst:2169 - HDL ADVISOR - Some clock signals were not automatically buffered by XST with BUFG/BUFR resources. Please use the buffer_type constraint in order to insert these buffers to the clock signals to help prevent skew problems.

Asynchronous Control Signals Information:
----------------------------------------
No asynchronous control signals found in this design

Timing Summary:
---------------
Speed Grade: -4

   Minimum period: No path found
   Minimum input arrival time before clock: 6.016ns
   Maximum output required time after clock: 7.193ns
   Maximum combinational path delay: 11.750ns

Timing Detail:
--------------
All values displayed in nanoseconds (ns)

=========================================================================
Timing constraint: Default OFFSET IN BEFORE for Clock 'Mcompar_shift_b_cmp_gt0000_cy<7>'
  Total number of paths / destination ports: 41 / 7
-------------------------------------------------------------------------
Offset:              6.016ns (Levels of Logic = 4)
  Source:            B<0> (PAD)
  Destination:       shift_b_4 (LATCH)
  Destination Clock: Mcompar_shift_b_cmp_gt0000_cy<7> rising

  Data Path: B<0> to shift_b_4
                                Gate     Net
    Cell:in->out      fanout   Delay   Delay  Logical Name (Net Name)
    ----------------------------------------  ------------
     IBUF:I->O             5   1.218   0.808  B_0_IBUF (B_0_IBUF)
     LUT3:I0->O            4   0.704   0.762  Madd_abs_b_addsub0000_cy<2>11 (Madd_abs_b_addsub0000_cy<2>)
     LUT3:I0->O            5   0.704   0.808  Madd_abs_b_addsub0000_cy<4>11 (Madd_abs_b_addsub0000_cy<4>)
     LUT3:I0->O            1   0.704   0.000  abs_b<5>1 (abs_b<5>)
     LD:D                      0.308          shift_b_4
    ----------------------------------------
    Total                      6.016ns (3.638ns logic, 2.378ns route)
                                       (60.5% logic, 39.5% route)

=========================================================================
Timing constraint: Default OFFSET OUT AFTER for Clock 'Mcompar_shift_b_cmp_gt0000_cy<7>'
  Total number of paths / destination ports: 63 / 8
-------------------------------------------------------------------------
Offset:              7.193ns (Levels of Logic = 10)
  Source:            shift_b_0 (LATCH)
  Destination:       Y<7> (PAD)
  Source Clock:      Mcompar_shift_b_cmp_gt0000_cy<7> rising

  Data Path: shift_b_0 to Y<7>
                                Gate     Net
    Cell:in->out      fanout   Delay   Delay  Logical Name (Net Name)
    ----------------------------------------  ------------
     LD:G->Q               1   0.676   0.499  shift_b_0 (shift_b_0)
     LUT2:I1->O            1   0.704   0.000  Madd_mag_lut<0> (Madd_mag_lut<0>)
     MUXCY:S->O            1   0.464   0.000  Madd_mag_cy<0> (Madd_mag_cy<0>)
     MUXCY:CI->O           1   0.059   0.000  Madd_mag_cy<1> (Madd_mag_cy<1>)
     MUXCY:CI->O           1   0.059   0.000  Madd_mag_cy<2> (Madd_mag_cy<2>)
     MUXCY:CI->O           1   0.059   0.000  Madd_mag_cy<3> (Madd_mag_cy<3>)
     MUXCY:CI->O           1   0.059   0.000  Madd_mag_cy<4> (Madd_mag_cy<4>)
     MUXCY:CI->O           1   0.059   0.000  Madd_mag_cy<5> (Madd_mag_cy<5>)
     MUXCY:CI->O           0   0.059   0.000  Madd_mag_cy<6> (Madd_mag_cy<6>)
     XORCY:CI->O           1   0.804   0.420  Madd_mag_xor<7> (Y_7_OBUF)
     OBUF:I->O                 3.272          Y_7_OBUF (Y<7>)
    ----------------------------------------
    Total                      7.193ns (6.274ns logic, 0.919ns route)
                                       (87.2% logic, 12.8% route)

=========================================================================
Timing constraint: Default path analysis
  Total number of paths / destination ports: 147 / 8
-------------------------------------------------------------------------
Delay:               11.750ns (Levels of Logic = 8)
  Source:            A<0> (PAD)
  Destination:       Y<7> (PAD)

  Data Path: A<0> to Y<7>
                                Gate     Net
    Cell:in->out      fanout   Delay   Delay  Logical Name (Net Name)
    ----------------------------------------  ------------
     IBUF:I->O             6   1.218   0.704  A_0_IBUF (A_0_IBUF)
     LUT3:I2->O            4   0.704   0.762  Madd_abs_a_addsub0000_cy<2>11 (Madd_abs_a_addsub0000_cy<2>)
     LUT3:I0->O            5   0.704   0.668  Madd_abs_a_addsub0000_cy<4>11 (Madd_abs_a_addsub0000_cy<4>)
     LUT4:I2->O            2   0.704   0.622  abs_a<6>1 (abs_a<6>)
     LUT2:I0->O            1   0.704   0.000  Madd_mag_lut<6> (Madd_mag_lut<6>)
     MUXCY:S->O            0   0.464   0.000  Madd_mag_cy<6> (Madd_mag_cy<6>)
     XORCY:CI->O           1   0.804   0.420  Madd_mag_xor<7> (Y_7_OBUF)
     OBUF:I->O                 3.272          Y_7_OBUF (Y<7>)
    ----------------------------------------
    Total                     11.750ns (8.574ns logic, 3.176ns route)
                                       (73.0% logic, 27.0% route)

=========================================================================


Total REAL time to Xst completion: 7.00 secs
Total CPU time to Xst completion: 6.83 secs
 
--> 

Total memory usage is 258596 kilobytes

Number of errors   :    0 (   0 filtered)
Number of warnings :    6 (   0 filtered)
Number of infos    :    1 (   0 filtered)

