INFO:sim:172 - Generating IP...
Resolving generics for 'ubernewBRAM'...
Applying external generics to 'ubernewBRAM'...
Delivering associated files for 'ubernewBRAM'...
Delivering EJava files for 'ubernewBRAM'...
Generating implementation netlist for 'ubernewBRAM'...
INFO:sim - Pre-processing HDL files for 'ubernewBRAM'...
Running synthesis for 'ubernewBRAM'
Running ngcbuild...
Writing VHO instantiation template for 'ubernewBRAM'...
Writing VHDL behavioral simulation model for 'ubernewBRAM'...
WARNING:sim - Overwriting existing file
   C:/Users/d36937q/Desktop/LAB_LOCAL_8-6/proj_new1/tmp/_cg/ubernewBRAM/doc/blk_
   mem_gen_v7_3_vinfo.html with file from view xilinx_documentation
Delivered 1 file into directory
C:/Users/d36937q/Desktop/LAB_LOCAL_8-6/proj_new1/tmp/_cg/ubernewBRAM
Generating ASY schematic symbol...
INFO:sim:949 - Finished generation of ASY schematic symbol.
Generating SYM schematic symbol for 'ubernewBRAM'...
Generating metadata file...
Generating ISE project file for 'ubernewBRAM'...
Generating ISE project...
XCO file found: ubernewBRAM.xco
XMDF file found: ubernewBRAM_xmdf.tcl
Adding C:/Users/d36937q/Desktop/LAB_LOCAL_8-6/proj_new1/tmp/_cg/ubernewBRAM.asy
-view all -origin_type imported
Adding C:/Users/d36937q/Desktop/LAB_LOCAL_8-6/proj_new1/tmp/_cg/ubernewBRAM.ngc
-view all -origin_type created
Checking file
"C:/Users/d36937q/Desktop/LAB_LOCAL_8-6/proj_new1/tmp/_cg/ubernewBRAM.ngc" for
project device match ...
File "C:/Users/d36937q/Desktop/LAB_LOCAL_8-6/proj_new1/tmp/_cg/ubernewBRAM.ngc"
device information matches project device.
Adding C:/Users/d36937q/Desktop/LAB_LOCAL_8-6/proj_new1/tmp/_cg/ubernewBRAM.sym
-view all -origin_type imported
Adding C:/Users/d36937q/Desktop/LAB_LOCAL_8-6/proj_new1/tmp/_cg/ubernewBRAM.vhd
-view all -origin_type created
INFO:HDLCompiler:1061 - Parsing VHDL file
   "C:/Users/d36937q/Desktop/LAB_LOCAL_8-6/proj_new1/tmp/_cg/ubernewBRAM.vhd"
   into library work
INFO:ProjectMgmt - Parsing design hierarchy completed successfully.
Adding C:/Users/d36937q/Desktop/LAB_LOCAL_8-6/proj_new1/tmp/_cg/ubernewBRAM.vho
-view all -origin_type imported
INFO:TclTasksC:2116 - The automatic calculation of top has been turned-off.
   Please set the new top explicitly by running the "project set top" command.
   To re-calculate the new top automatically, set the "Auto Implementation Top"
   property to true.
Top level has been set to "/ubernewBRAM"
Generating README file...
Generating FLIST file...
INFO:sim:948 - Finished FLIST file generation.
Launching README viewer...
Moving files to output directory...
Finished moving files to output directory
Wrote CGP file for project 'ubernewBRAM'.
