Release 14.4 - xst P.49d (nt64)
Copyright (c) 1995-2012 Xilinx, Inc.  All rights reserved.
--> Parameter TMPDIR set to xst/projnav.tmp


Total REAL time to Xst completion: 0.00 secs
Total CPU time to Xst completion: 0.11 secs
 
--> Parameter xsthdpdir set to xst


Total REAL time to Xst completion: 0.00 secs
Total CPU time to Xst completion: 0.11 secs
 
--> Reading design: Lab4.prj

TABLE OF CONTENTS
  1) Synthesis Options Summary
  2) HDL Compilation
  3) Design Hierarchy Analysis
  4) HDL Analysis
  5) HDL Synthesis
     5.1) HDL Synthesis Report
  6) Advanced HDL Synthesis
     6.1) Advanced HDL Synthesis Report
  7) Low Level Synthesis
  8) Partition Report
  9) Final Report
	9.1) Device utilization summary
	9.2) Partition Resource Summary
	9.3) TIMING REPORT


=========================================================================
*                      Synthesis Options Summary                        *
=========================================================================
---- Source Parameters
Input File Name                    : "Lab4.prj"
Input Format                       : mixed
Ignore Synthesis Constraint File   : NO

---- Target Parameters
Output File Name                   : "Lab4"
Output Format                      : NGC
Target Device                      : xc3s100e-4-cp132

---- Source Options
Top Module Name                    : Lab4
Automatic FSM Extraction           : YES
FSM Encoding Algorithm             : Auto
Safe Implementation                : No
FSM Style                          : LUT
RAM Extraction                     : Yes
RAM Style                          : Auto
ROM Extraction                     : Yes
Mux Style                          : Auto
Decoder Extraction                 : YES
Priority Encoder Extraction        : Yes
Shift Register Extraction          : YES
Logical Shifter Extraction         : YES
XOR Collapsing                     : YES
ROM Style                          : Auto
Mux Extraction                     : Yes
Resource Sharing                   : YES
Asynchronous To Synchronous        : NO
Multiplier Style                   : Auto
Automatic Register Balancing       : No

---- Target Options
Add IO Buffers                     : YES
Global Maximum Fanout              : 500
Add Generic Clock Buffer(BUFG)     : 24
Register Duplication               : YES
Slice Packing                      : YES
Optimize Instantiated Primitives   : NO
Use Clock Enable                   : Yes
Use Synchronous Set                : Yes
Use Synchronous Reset              : Yes
Pack IO Registers into IOBs        : Auto
Equivalent register Removal        : YES

---- General Options
Optimization Goal                  : Speed
Optimization Effort                : 1
Keep Hierarchy                     : No
Netlist Hierarchy                  : As_Optimized
RTL Output                         : Yes
Global Optimization                : AllClockNets
Read Cores                         : YES
Write Timing Constraints           : NO
Cross Clock Analysis               : NO
Hierarchy Separator                : /
Bus Delimiter                      : <>
Case Specifier                     : Maintain
Slice Utilization Ratio            : 100
BRAM Utilization Ratio             : 100
Verilog 2001                       : YES
Auto BRAM Packing                  : NO
Slice Utilization Ratio Delta      : 5

---- Other Options
Cores Search Directories           : {"../finallab"  }

=========================================================================


=========================================================================
*                          HDL Compilation                              *
=========================================================================
Compiling vhdl file "C:/Users/d36937q/Desktop/LAB_LOCAL_8-6/finallab/brg.vhd" in Library work.
Architecture behavioral of Entity brg is up to date.
Compiling vhdl file "C:/Users/d36937q/Desktop/LAB_LOCAL_8-6/finallab/SerialRX.vhd" in Library work.
Architecture behavioral of Entity serialrx is up to date.
Compiling vhdl file "C:/Users/d36937q/Desktop/LAB_LOCAL_8-6/finallab/SerialTx2.vhd" in Library work.
Architecture behavioral of Entity serialtx is up to date.
Compiling vhdl file "C:/Users/d36937q/Desktop/LAB_LOCAL_8-6/finallab/bram_hlsm.vhd" in Library work.
Architecture behavioral of Entity bram_hlsm is up to date.
Compiling vhdl file "C:/Users/d36937q/Desktop/LAB_LOCAL_8-6/proj_new1/ubernewBRAM.vhd" in Library work.
Architecture ubernewbram_a of Entity ubernewbram is up to date.
Compiling vhdl file "C:/Users/d36937q/Desktop/LAB_LOCAL_8-6/finallab/debounce.vhd" in Library work.
Architecture logic of Entity debounce is up to date.
Compiling vhdl file "C:/Users/d36937q/Desktop/LAB_LOCAL_8-6/finallab/Lab4.vhd" in Library work.
Architecture behavioral of Entity lab4 is up to date.

=========================================================================
*                     Design Hierarchy Analysis                         *
=========================================================================
Analyzing hierarchy for entity <Lab4> in library <work> (architecture <behavioral>).

Analyzing hierarchy for entity <brg> in library <work> (architecture <behavioral>).

Analyzing hierarchy for entity <SerialRX> in library <work> (architecture <behavioral>).

Analyzing hierarchy for entity <SerialTx> in library <work> (architecture <behavioral>).

Analyzing hierarchy for entity <bram_hlsm> in library <work> (architecture <behavioral>).

Analyzing hierarchy for entity <debounce> in library <work> (architecture <logic>).


=========================================================================
*                            HDL Analysis                               *
=========================================================================
Analyzing Entity <Lab4> in library <work> (Architecture <behavioral>).
WARNING:Xst:2211 - "C:/Users/d36937q/Desktop/LAB_LOCAL_8-6/finallab/Lab4.vhd" line 168: Instantiating black box module <mux7seg>.
WARNING:Xst:2211 - "C:/Users/d36937q/Desktop/LAB_LOCAL_8-6/finallab/Lab4.vhd" line 204: Instantiating black box module <ubernewBRAM>.
Entity <Lab4> analyzed. Unit <Lab4> generated.

Analyzing Entity <brg> in library <work> (Architecture <behavioral>).
Entity <brg> analyzed. Unit <brg> generated.

Analyzing Entity <SerialRX> in library <work> (Architecture <behavioral>).
Entity <SerialRX> analyzed. Unit <SerialRX> generated.

Analyzing Entity <SerialTx> in library <work> (Architecture <behavioral>).
Entity <SerialTx> analyzed. Unit <SerialTx> generated.

Analyzing Entity <bram_hlsm> in library <work> (Architecture <behavioral>).
Entity <bram_hlsm> analyzed. Unit <bram_hlsm> generated.

Analyzing Entity <debounce> in library <work> (Architecture <logic>).
Entity <debounce> analyzed. Unit <debounce> generated.


=========================================================================
*                           HDL Synthesis                               *
=========================================================================

Performing bidirectional port resolution...

Synthesizing Unit <brg>.
    Related source file is "C:/Users/d36937q/Desktop/LAB_LOCAL_8-6/finallab/brg.vhd".
    Found 1-bit register for signal <br_tick16>.
    Found 4-bit up counter for signal <brcount>.
    Summary:
	inferred   1 Counter(s).
	inferred   1 D-type flip-flop(s).
Unit <brg> synthesized.


Synthesizing Unit <SerialRX>.
    Related source file is "C:/Users/d36937q/Desktop/LAB_LOCAL_8-6/finallab/SerialRX.vhd".
WARNING:Xst:646 - Signal <shreg<0>> is assigned but never used. This unconnected signal will be trimmed during the optimization process.
    Found finite state machine <FSM_0> for signal <curr_state>.
    -----------------------------------------------------------------------
    | States             | 4                                              |
    | Transitions        | 7                                              |
    | Inputs             | 3                                              |
    | Outputs            | 4                                              |
    | Clock              | Clk25                     (rising_edge)        |
    | Power Up State     | off                                            |
    | Encoding           | automatic                                      |
    | Implementation     | LUT                                            |
    -----------------------------------------------------------------------
    Found 5-bit up counter for signal <br_count>.
    Found 8-bit register for signal <preg>.
    Found 1-bit register for signal <SB_SAMPLE_COUNT>.
    Found 1-bit register for signal <SB_STOPBIT>.
    Found 4-bit up counter for signal <shift_count>.
    Found 10-bit register for signal <shreg>.
    Found 1-bit register for signal <SyncReg1>.
    Found 1-bit register for signal <SyncReg2>.
    Summary:
	inferred   1 Finite State Machine(s).
	inferred   2 Counter(s).
	inferred  22 D-type flip-flop(s).
Unit <SerialRX> synthesized.


Synthesizing Unit <SerialTx>.
    Related source file is "C:/Users/d36937q/Desktop/LAB_LOCAL_8-6/finallab/SerialTx2.vhd".
INFO:Xst:1799 - State ssync is never reached in FSM <curr_state>.
    Found finite state machine <FSM_1> for signal <curr_state>.
    -----------------------------------------------------------------------
    | States             | 5                                              |
    | Transitions        | 8                                              |
    | Inputs             | 3                                              |
    | Outputs            | 3                                              |
    | Clock              | Clk25                     (rising_edge)        |
    | Power Up State     | sidle                                          |
    | Encoding           | automatic                                      |
    | Implementation     | LUT                                            |
    -----------------------------------------------------------------------
    Found 4-bit up counter for signal <br_cnt>.
    Found 4-bit down counter for signal <tx_ctr>.
    Found 10-bit register for signal <tx_reg>.
    Summary:
	inferred   1 Finite State Machine(s).
	inferred   2 Counter(s).
	inferred  10 D-type flip-flop(s).
Unit <SerialTx> synthesized.


Synthesizing Unit <bram_hlsm>.
    Related source file is "C:/Users/d36937q/Desktop/LAB_LOCAL_8-6/finallab/bram_hlsm.vhd".
INFO:Xst:1799 - State wr_wait is never reached in FSM <PS>.
INFO:Xst:1799 - State pre_fifo is never reached in FSM <PS>.
INFO:Xst:1799 - State pre_lifo is never reached in FSM <PS>.
    Found finite state machine <FSM_2> for signal <PS>.
    -----------------------------------------------------------------------
    | States             | 9                                              |
    | Transitions        | 21                                             |
    | Inputs             | 9                                              |
    | Outputs            | 9                                              |
    | Clock              | CLK25                     (rising_edge)        |
    | Power Up State     | hold                                           |
    | Encoding           | automatic                                      |
    | Implementation     | LUT                                            |
    -----------------------------------------------------------------------
WARNING:Xst:737 - Found 8-bit latch for signal <TX_DATA_SIGNAL>. Latches may be generated from incomplete case or if statements. We do not recommend the use of latches in FPGA/CPLD designs, as they may lead to timing problems.
INFO:Xst:2371 - HDL ADVISOR - Logic functions respectively driving the data and gate enable inputs of this latch share common terms. This situation will potentially lead to setup/hold violations and, as a result, to simulation problems. This situation may come from an incomplete case statement (all selector values are not covered). You should carefully review if it was in your intentions to describe such a latch.
    Found 5-bit comparator equal for signal <PS$cmp_eq0001> created at line 162.
    Found 5-bit comparator greater for signal <PS$cmp_gt0000> created at line 179.
    Found 5-bit comparator less for signal <PS$cmp_lt0000> created at line 160.
    Found 5-bit subtractor for signal <PS$sub0000> created at line 162.
    Found 5-bit register for signal <RADDR>.
    Found 5-bit addsub for signal <RADDR$share0000>.
    Found 5-bit up counter for signal <WADDR>.
    Summary:
	inferred   1 Finite State Machine(s).
	inferred   1 Counter(s).
	inferred   5 D-type flip-flop(s).
	inferred   2 Adder/Subtractor(s).
	inferred   3 Comparator(s).
Unit <bram_hlsm> synthesized.


Synthesizing Unit <debounce>.
    Related source file is "C:/Users/d36937q/Desktop/LAB_LOCAL_8-6/finallab/debounce.vhd".
    Found 1-bit register for signal <db_out>.
    Found 19-bit up counter for signal <counter_out>.
    Found 1-bit xor2 for signal <counter_set>.
    Found 2-bit register for signal <flipflops>.
    Summary:
	inferred   1 Counter(s).
	inferred   3 D-type flip-flop(s).
Unit <debounce> synthesized.


Synthesizing Unit <Lab4>.
    Related source file is "C:/Users/d36937q/Desktop/LAB_LOCAL_8-6/finallab/Lab4.vhd".
Unit <Lab4> synthesized.

INFO:Xst:1767 - HDL ADVISOR - Resource sharing has identified that some arithmetic operations in this design can share the same physical resources for reduced device utilization. For improved clock frequency you may try to disable resource sharing.

=========================================================================
HDL Synthesis Report

Macro Statistics
# Adders/Subtractors                                   : 2
 5-bit addsub                                          : 1
 5-bit subtractor                                      : 1
# Counters                                             : 7
 19-bit up counter                                     : 1
 4-bit down counter                                    : 1
 4-bit up counter                                      : 3
 5-bit up counter                                      : 2
# Registers                                            : 20
 1-bit register                                        : 16
 10-bit register                                       : 1
 2-bit register                                        : 1
 5-bit register                                        : 1
 8-bit register                                        : 1
# Latches                                              : 1
 8-bit latch                                           : 1
# Comparators                                          : 3
 5-bit comparator equal                                : 1
 5-bit comparator greater                              : 1
 5-bit comparator less                                 : 1
# Xors                                                 : 1
 1-bit xor2                                            : 1

=========================================================================

=========================================================================
*                       Advanced HDL Synthesis                          *
=========================================================================

Analyzing FSM <FSM_2> for best encoding.
Optimizing FSM <BRAM_CNT/PS/FSM> on signal <PS[1:9]> with one-hot encoding.
------------------------
 State     | Encoding
------------------------
 hold      | 000000001
 bwrite    | 000000100
 wr_wait   | unreached
 full      | 000001000
 pre_dump  | 000000010
 pre_fifo  | unreached
 fifo_dump | 000010000
 fifo_wait | 001000000
 pre_lifo  | unreached
 lifo_dump | 000100000
 lifo_wait | 100000000
 empty     | 010000000
------------------------
Analyzing FSM <FSM_1> for best encoding.
Optimizing FSM <U3/curr_state/FSM> on signal <curr_state[1:3]> with gray encoding.
--------------------
 State  | Encoding
--------------------
 sidle  | 000
 ssync  | unreached
 sload  | 001
 swait  | 011
 sshift | 110
 sdone  | 010
--------------------
Analyzing FSM <FSM_0> for best encoding.
Optimizing FSM <U2/curr_state/FSM> on signal <curr_state[1:2]> with gray encoding.
--------------------
 State  | Encoding
--------------------
 off    | 00
 count  | 01
 shift  | 11
 output | 10
--------------------
Reading core <../finallab/mux7seg.ngc>.
Reading core <ubernewBRAM.ngc>.
Loading core <mux7seg> for timing and area information for instance <segmux>.
Loading core <ubernewBRAM> for timing and area information for instance <BRAM>.
WARNING:Xst:2677 - Node <shreg_0> of sequential type is unconnected in block <U2>.
WARNING:Xst:2677 - Node <shreg_0> of sequential type is unconnected in block <SerialRX>.

=========================================================================
Advanced HDL Synthesis Report

Macro Statistics
# FSMs                                                 : 3
# Adders/Subtractors                                   : 2
 5-bit addsub                                          : 1
 5-bit subtractor                                      : 1
# Counters                                             : 7
 19-bit up counter                                     : 1
 4-bit down counter                                    : 1
 4-bit up counter                                      : 3
 5-bit up counter                                      : 2
# Registers                                            : 40
 Flip-Flops                                            : 40
# Latches                                              : 1
 8-bit latch                                           : 1
# Comparators                                          : 3
 5-bit comparator equal                                : 1
 5-bit comparator greater                              : 1
 5-bit comparator less                                 : 1
# Xors                                                 : 1
 1-bit xor2                                            : 1

=========================================================================

=========================================================================
*                         Low Level Synthesis                           *
=========================================================================
WARNING:Xst:2677 - Node <debounce_dump/counter_out_6> of sequential type is unconnected in block <Lab4>.
WARNING:Xst:2677 - Node <debounce_dump/counter_out_7> of sequential type is unconnected in block <Lab4>.
WARNING:Xst:2677 - Node <debounce_dump/counter_out_8> of sequential type is unconnected in block <Lab4>.
WARNING:Xst:2677 - Node <debounce_dump/counter_out_9> of sequential type is unconnected in block <Lab4>.
WARNING:Xst:2677 - Node <debounce_dump/counter_out_10> of sequential type is unconnected in block <Lab4>.
WARNING:Xst:2677 - Node <debounce_dump/counter_out_11> of sequential type is unconnected in block <Lab4>.
WARNING:Xst:2677 - Node <debounce_dump/counter_out_12> of sequential type is unconnected in block <Lab4>.
WARNING:Xst:2677 - Node <debounce_dump/counter_out_13> of sequential type is unconnected in block <Lab4>.
WARNING:Xst:2677 - Node <debounce_dump/counter_out_14> of sequential type is unconnected in block <Lab4>.
WARNING:Xst:2677 - Node <debounce_dump/counter_out_15> of sequential type is unconnected in block <Lab4>.
WARNING:Xst:2677 - Node <debounce_dump/counter_out_16> of sequential type is unconnected in block <Lab4>.
WARNING:Xst:2677 - Node <debounce_dump/counter_out_17> of sequential type is unconnected in block <Lab4>.
WARNING:Xst:2677 - Node <debounce_dump/counter_out_18> of sequential type is unconnected in block <Lab4>.

Optimizing unit <Lab4> ...

Optimizing unit <SerialRX> ...

Optimizing unit <SerialTx> ...

Optimizing unit <bram_hlsm> ...

Mapping all equations...
Building and optimizing final netlist ...
Found area constraint ratio of 100 (+ 5) on block Lab4, actual ratio is 11.

Final Macro Processing ...

Processing Unit <Lab4> :
	Found 2-bit shift register for signal <U2/SyncReg2>.
Unit <Lab4> processed.

=========================================================================
Final Register Report

Macro Statistics
# Registers                                            : 84
 Flip-Flops                                            : 84
# Shift Registers                                      : 1
 2-bit shift register                                  : 1

=========================================================================

=========================================================================
*                           Partition Report                            *
=========================================================================

Partition Implementation Status
-------------------------------

  No Partitions were found in this design.

-------------------------------

=========================================================================
*                            Final Report                               *
=========================================================================
Final Results
RTL Top Level Output File Name     : Lab4.ngr
Top Level Output File Name         : Lab4
Output Format                      : NGC
Optimization Goal                  : Speed
Keep Hierarchy                     : No

Design Statistics
# IOs                              : 18

Cell Usage :
# BELS                             : 274
#      GND                         : 3
#      INV                         : 10
#      LUT1                        : 20
#      LUT2                        : 28
#      LUT3                        : 44
#      LUT3_D                      : 2
#      LUT3_L                      : 3
#      LUT4                        : 95
#      LUT4_D                      : 2
#      LUT4_L                      : 6
#      MUXCY                       : 20
#      MUXF5                       : 16
#      VCC                         : 3
#      XORCY                       : 22
# FlipFlops/Latches                : 111
#      FD                          : 26
#      FDE                         : 29
#      FDR                         : 5
#      FDRE                        : 31
#      FDRSE                       : 3
#      FDS                         : 6
#      FDSE                        : 3
#      LD_1                        : 8
# RAMS                             : 1
#      RAMB16_S36_S36              : 1
# Shift Registers                  : 1
#      SRL16                       : 1
# Clock Buffers                    : 1
#      BUFGP                       : 1
# IO Buffers                       : 17
#      IBUF                        : 3
#      OBUF                        : 14
=========================================================================

Device utilization summary:
---------------------------

Selected Device : 3s100ecp132-4 

 Number of Slices:                      110  out of    960    11%  
 Number of Slice Flip Flops:            111  out of   1920     5%  
 Number of 4 input LUTs:                211  out of   1920    10%  
    Number used as logic:               210
    Number used as Shift registers:       1
 Number of IOs:                          18
 Number of bonded IOBs:                  18  out of     83    21%  
 Number of BRAMs:                         1  out of      4    25%  
 Number of GCLKs:                         1  out of     24     4%  

---------------------------
Partition Resource Summary:
---------------------------

  No Partitions were found in this design.

---------------------------


=========================================================================
TIMING REPORT

NOTE: THESE TIMING NUMBERS ARE ONLY A SYNTHESIS ESTIMATE.
      FOR ACCURATE TIMING INFORMATION PLEASE REFER TO THE TRACE REPORT
      GENERATED AFTER PLACE-and-ROUTE.

Clock Information:
------------------
-----------------------------------+--------------------------------+-------+
Clock Signal                       | Clock buffer(FF name)          | Load  |
-----------------------------------+--------------------------------+-------+
Clk25                              | BUFGP                          | 105   |
BRAM_CNT/PS_FSM_FFd8               | NONE(BRAM_CNT/TX_DATA_SIGNAL_7)| 8     |
-----------------------------------+--------------------------------+-------+
INFO:Xst:2169 - HDL ADVISOR - Some clock signals were not automatically buffered by XST with BUFG/BUFR resources. Please use the buffer_type constraint in order to insert these buffers to the clock signals to help prevent skew problems.

Asynchronous Control Signals Information:
----------------------------------------
No asynchronous control signals found in this design

Timing Summary:
---------------
Speed Grade: -4

   Minimum period: 9.411ns (Maximum Frequency: 106.259MHz)
   Minimum input arrival time before clock: 7.438ns
   Maximum output required time after clock: 8.070ns
   Maximum combinational path delay: No path found

Timing Detail:
--------------
All values displayed in nanoseconds (ns)

=========================================================================
Timing constraint: Default period analysis for Clock 'Clk25'
  Clock period: 9.411ns (frequency: 106.259MHz)
  Total number of paths / destination ports: 1953 / 235
-------------------------------------------------------------------------
Delay:               9.411ns (Levels of Logic = 8)
  Source:            BRAM_CNT/RADDR_4 (FF)
  Destination:       BRAM_CNT/RADDR_4 (FF)
  Source Clock:      Clk25 rising
  Destination Clock: Clk25 rising

  Data Path: BRAM_CNT/RADDR_4 to BRAM_CNT/RADDR_4
                                Gate     Net
    Cell:in->out      fanout   Delay   Delay  Logical Name (Net Name)
    ----------------------------------------  ------------
     FDE:C->Q              9   0.591   0.995  BRAM_CNT/RADDR_4 (BRAM_CNT/RADDR_4)
     LUT3_L:I0->LO         1   0.704   0.104  BRAM_CNT/R_EN_SW0_SW0 (N82)
     LUT4:I3->O            9   0.704   0.824  BRAM_CNT/R_EN_SW0 (N27)
     LUT4:I3->O            1   0.704   0.000  BRAM_CNT/PS_cmp_lt00002116_SW2_G (N95)
     MUXF5:I1->O           1   0.321   0.455  BRAM_CNT/PS_cmp_lt00002116_SW2 (N80)
     LUT4:I2->O            6   0.704   0.844  BRAM_CNT/R_EN (BRAM_CNT/R_EN)
     LUT4:I0->O            1   0.704   0.000  BRAM_CNT/RADDR_mux0000<4>_SW0_G (N113)
     MUXF5:I1->O           1   0.321   0.424  BRAM_CNT/RADDR_mux0000<4>_SW0 (N45)
     LUT4:I3->O            1   0.704   0.000  BRAM_CNT/RADDR_mux0000<4> (BRAM_CNT/RADDR_mux0000<4>)
     FDE:D                     0.308          BRAM_CNT/RADDR_4
    ----------------------------------------
    Total                      9.411ns (5.765ns logic, 3.646ns route)
                                       (61.3% logic, 38.7% route)

=========================================================================
Timing constraint: Default OFFSET IN BEFORE for Clock 'Clk25'
  Total number of paths / destination ports: 30 / 9
-------------------------------------------------------------------------
Offset:              7.438ns (Levels of Logic = 6)
  Source:            ORDERSWITCH (PAD)
  Destination:       BRAM_CNT/RADDR_4 (FF)
  Destination Clock: Clk25 rising

  Data Path: ORDERSWITCH to BRAM_CNT/RADDR_4
                                Gate     Net
    Cell:in->out      fanout   Delay   Delay  Logical Name (Net Name)
    ----------------------------------------  ------------
     IBUF:I->O            21   1.218   1.303  ORDERSWITCH_IBUF (ORDERSWITCH_IBUF)
     LUT4:I0->O            1   0.704   0.000  BRAM_CNT/R_EN_SW5_G (N87)
     MUXF5:I1->O           3   0.321   0.566  BRAM_CNT/R_EN_SW5 (N53)
     LUT4:I2->O            2   0.704   0.447  BRAM_CNT/Maddsub_RADDR_share0000_cy<1>1 (BRAM_CNT/Maddsub_RADDR_share0000_cy<1>)
     MUXF5:S->O            1   0.739   0.424  BRAM_CNT/RADDR_mux0000<4>_SW0 (N45)
     LUT4:I3->O            1   0.704   0.000  BRAM_CNT/RADDR_mux0000<4> (BRAM_CNT/RADDR_mux0000<4>)
     FDE:D                     0.308          BRAM_CNT/RADDR_4
    ----------------------------------------
    Total                      7.438ns (4.698ns logic, 2.740ns route)
                                       (63.2% logic, 36.8% route)

=========================================================================
Timing constraint: Default OFFSET OUT AFTER for Clock 'Clk25'
  Total number of paths / destination ports: 155 / 14
-------------------------------------------------------------------------
Offset:              8.070ns (Levels of Logic = 5)
  Source:            segmux/adcount_0 (FF)
  Destination:       seg<0> (PAD)
  Source Clock:      Clk25 rising

  Data Path: segmux/adcount_0 to seg<0>
                                Gate     Net
    Cell:in->out      fanout   Delay   Delay  Logical Name (Net Name)
    ----------------------------------------  ------------
     FDE:C->Q             14   0.591   1.175  adcount_0 (adcount<0>)
     LUT3:I0->O            1   0.704   0.000  Mmux_muxy_3 (Mmux_muxy_3)
     MUXF5:I1->O           7   0.321   0.883  Mmux_muxy_2_f5 (muxy<0>)
     LUT4:I0->O            1   0.704   0.420  seg<0>1 (seg<0>)
     end scope: 'segmux'
     OBUF:I->O                 3.272          seg_0_OBUF (seg<0>)
    ----------------------------------------
    Total                      8.070ns (5.592ns logic, 2.478ns route)
                                       (69.3% logic, 30.7% route)

=========================================================================


Total REAL time to Xst completion: 8.00 secs
Total CPU time to Xst completion: 8.08 secs
 
--> 

Total memory usage is 274160 kilobytes

Number of errors   :    0 (   0 filtered)
Number of warnings :   19 (   0 filtered)
Number of infos    :    7 (   0 filtered)

