Release 14.4 - xst P.49d (nt64)
Copyright (c) 1995-2012 Xilinx, Inc.  All rights reserved.
--> Parameter TMPDIR set to xst/projnav.tmp


Total REAL time to Xst completion: 0.00 secs
Total CPU time to Xst completion: 0.11 secs
 
--> Parameter xsthdpdir set to xst


Total REAL time to Xst completion: 0.00 secs
Total CPU time to Xst completion: 0.11 secs
 
--> Reading design: mux7seg.prj

TABLE OF CONTENTS
  1) Synthesis Options Summary
  2) HDL Compilation
  3) Design Hierarchy Analysis
  4) HDL Analysis
  5) HDL Synthesis
     5.1) HDL Synthesis Report
  6) Advanced HDL Synthesis
     6.1) Advanced HDL Synthesis Report
  7) Low Level Synthesis
  8) Partition Report
  9) Final Report
	9.1) Device utilization summary
	9.2) Partition Resource Summary
	9.3) TIMING REPORT


=========================================================================
*                      Synthesis Options Summary                        *
=========================================================================
---- Source Parameters
Input File Name                    : "mux7seg.prj"
Input Format                       : mixed
Ignore Synthesis Constraint File   : NO

---- Target Parameters
Output File Name                   : "mux7seg"
Output Format                      : NGC
Target Device                      : xc3s500e-4-cp132

---- Source Options
Top Module Name                    : mux7seg
Automatic FSM Extraction           : YES
FSM Encoding Algorithm             : Auto
Safe Implementation                : No
FSM Style                          : LUT
RAM Extraction                     : Yes
RAM Style                          : Auto
ROM Extraction                     : Yes
Mux Style                          : Auto
Decoder Extraction                 : YES
Priority Encoder Extraction        : Yes
Shift Register Extraction          : YES
Logical Shifter Extraction         : YES
XOR Collapsing                     : YES
ROM Style                          : Auto
Mux Extraction                     : Yes
Resource Sharing                   : YES
Asynchronous To Synchronous        : NO
Multiplier Style                   : Auto
Automatic Register Balancing       : No

---- Target Options
Add IO Buffers                     : YES
Global Maximum Fanout              : 100000
Add Generic Clock Buffer(BUFG)     : 24
Register Duplication               : YES
Slice Packing                      : YES
Optimize Instantiated Primitives   : NO
Use Clock Enable                   : Yes
Use Synchronous Set                : Yes
Use Synchronous Reset              : Yes
Pack IO Registers into IOBs        : Auto
Equivalent register Removal        : YES

---- General Options
Optimization Goal                  : Speed
Optimization Effort                : 1
Keep Hierarchy                     : No
Netlist Hierarchy                  : As_Optimized
RTL Output                         : Yes
Global Optimization                : AllClockNets
Read Cores                         : YES
Write Timing Constraints           : NO
Cross Clock Analysis               : NO
Hierarchy Separator                : /
Bus Delimiter                      : <>
Case Specifier                     : Maintain
Slice Utilization Ratio            : 100
BRAM Utilization Ratio             : 100
Verilog 2001                       : YES
Auto BRAM Packing                  : NO
Slice Utilization Ratio Delta      : 5

=========================================================================


=========================================================================
*                          HDL Compilation                              *
=========================================================================
Compiling vhdl file "//thayerfs/d36937q/Desktop/Digitaldesign/Lab 3/lab3_prob6/mux7seg.vhd" in Library work.
Entity <mux7seg> compiled.
Entity <mux7seg> (Architecture <behavioral>) compiled.

=========================================================================
*                     Design Hierarchy Analysis                         *
=========================================================================
Analyzing hierarchy for entity <mux7seg> in library <work> (architecture <behavioral>).


=========================================================================
*                            HDL Analysis                               *
=========================================================================
Analyzing Entity <mux7seg> in library <work> (Architecture <behavioral>).
WARNING:Xst:819 - "//thayerfs/d36937q/Desktop/Digitaldesign/Lab 3/lab3_prob6/mux7seg.vhd" line 70: One or more signals are missing in the process sensitivity list. To enable synthesis of FPGA/CPLD hardware, XST will assume that all necessary signals are present in the sensitivity list. Please note that the result of the synthesis may differ from the initial design specification. The missing signals are:
   <clk50>
WARNING:Xst:819 - "//thayerfs/d36937q/Desktop/Digitaldesign/Lab 3/lab3_prob6/mux7seg.vhd" line 82: One or more signals are missing in the process sensitivity list. To enable synthesis of FPGA/CPLD hardware, XST will assume that all necessary signals are present in the sensitivity list. Please note that the result of the synthesis may differ from the initial design specification. The missing signals are:
   <clk50>
INFO:Xst:1561 - "//thayerfs/d36937q/Desktop/Digitaldesign/Lab 3/lab3_prob6/mux7seg.vhd" line 95: Mux is complete : default of case is discarded
WARNING:Xst:819 - "//thayerfs/d36937q/Desktop/Digitaldesign/Lab 3/lab3_prob6/mux7seg.vhd" line 113: One or more signals are missing in the process sensitivity list. To enable synthesis of FPGA/CPLD hardware, XST will assume that all necessary signals are present in the sensitivity list. Please note that the result of the synthesis may differ from the initial design specification. The missing signals are:
   <clk50>
INFO:Xst:1561 - "//thayerfs/d36937q/Desktop/Digitaldesign/Lab 3/lab3_prob6/mux7seg.vhd" line 126: Mux is complete : default of case is discarded
INFO:Xst:2679 - Register <CE> in unit <mux7seg> has a constant value of 1 during circuit operation. The register is replaced by logic.
Entity <mux7seg> analyzed. Unit <mux7seg> generated.


=========================================================================
*                           HDL Synthesis                               *
=========================================================================

Performing bidirectional port resolution...

Synthesizing Unit <mux7seg>.
    Related source file is "//thayerfs/d36937q/Desktop/Digitaldesign/Lab 3/lab3_prob6/mux7seg.vhd".
    Found 7-bit register for signal <seg>.
    Found 4-bit register for signal <an>.
    Found 4-bit register for signal <ansig>.
    Found 1-of-4 decoder for signal <ansig$mux0001> created at line 83.
    Found 32-bit up counter for signal <clk_div>.
    Found 7-bit register for signal <segh>.
    Found 2-bit up counter for signal <sel>.
    Found 4-bit register for signal <seven_segment>.
    Found 4-bit 4-to-1 multiplexer for signal <seven_segment$mux0001> created at line 114.
    Summary:
	inferred   2 Counter(s).
	inferred  26 D-type flip-flop(s).
	inferred   4 Multiplexer(s).
	inferred   1 Decoder(s).
Unit <mux7seg> synthesized.


=========================================================================
HDL Synthesis Report

Macro Statistics
# Counters                                             : 2
 2-bit up counter                                      : 1
 32-bit up counter                                     : 1
# Registers                                            : 5
 4-bit register                                        : 3
 7-bit register                                        : 2
# Multiplexers                                         : 1
 4-bit 4-to-1 multiplexer                              : 1
# Decoders                                             : 1
 1-of-4 decoder                                        : 1

=========================================================================

=========================================================================
*                       Advanced HDL Synthesis                          *
=========================================================================


=========================================================================
Advanced HDL Synthesis Report

Macro Statistics
# Counters                                             : 1
 2-bit up counter                                      : 1
# Registers                                            : 26
 Flip-Flops                                            : 26
# Multiplexers                                         : 1
 4-bit 4-to-1 multiplexer                              : 1
# Decoders                                             : 1
 1-of-4 decoder                                        : 1

=========================================================================

=========================================================================
*                         Low Level Synthesis                           *
=========================================================================

Optimizing unit <mux7seg> ...

Mapping all equations...
Building and optimizing final netlist ...
Found area constraint ratio of 100 (+ 5) on block mux7seg, actual ratio is 0.

Final Macro Processing ...

=========================================================================
Final Register Report

Macro Statistics
# Registers                                            : 28
 Flip-Flops                                            : 28

=========================================================================

=========================================================================
*                           Partition Report                            *
=========================================================================

Partition Implementation Status
-------------------------------

  No Partitions were found in this design.

-------------------------------

=========================================================================
*                            Final Report                               *
=========================================================================
Final Results
RTL Top Level Output File Name     : mux7seg.ngr
Top Level Output File Name         : mux7seg
Output Format                      : NGC
Optimization Goal                  : Speed
Keep Hierarchy                     : No

Design Statistics
# IOs                              : 28

Cell Usage :
# BELS                             : 24
#      INV                         : 2
#      LUT2                        : 2
#      LUT3                        : 15
#      MUXF5                       : 4
#      VCC                         : 1
# FlipFlops/Latches                : 28
#      FD                          : 6
#      FDR                         : 16
#      FDS                         : 6
# Clock Buffers                    : 1
#      BUFGP                       : 1
# IO Buffers                       : 27
#      IBUF                        : 16
#      OBUF                        : 11
=========================================================================

Device utilization summary:
---------------------------

Selected Device : 3s500ecp132-4 

 Number of Slices:                       22  out of   4656     0%  
 Number of Slice Flip Flops:             28  out of   9312     0%  
 Number of 4 input LUTs:                 19  out of   9312     0%  
 Number of IOs:                          28
 Number of bonded IOBs:                  28  out of     92    30%  
 Number of GCLKs:                         1  out of     24     4%  

---------------------------
Partition Resource Summary:
---------------------------

  No Partitions were found in this design.

---------------------------


=========================================================================
TIMING REPORT

NOTE: THESE TIMING NUMBERS ARE ONLY A SYNTHESIS ESTIMATE.
      FOR ACCURATE TIMING INFORMATION PLEASE REFER TO THE TRACE REPORT
      GENERATED AFTER PLACE-and-ROUTE.

Clock Information:
------------------
-----------------------------------+------------------------+-------+
Clock Signal                       | Clock buffer(FF name)  | Load  |
-----------------------------------+------------------------+-------+
clk50                              | BUFGP                  | 28    |
-----------------------------------+------------------------+-------+

Asynchronous Control Signals Information:
----------------------------------------
No asynchronous control signals found in this design

Timing Summary:
---------------
Speed Grade: -4

   Minimum period: 3.023ns (Maximum Frequency: 330.797MHz)
   Minimum input arrival time before clock: 3.146ns
   Maximum output required time after clock: 4.283ns
   Maximum combinational path delay: No path found

Timing Detail:
--------------
All values displayed in nanoseconds (ns)

=========================================================================
Timing constraint: Default period analysis for Clock 'clk50'
  Clock period: 3.023ns (frequency: 330.797MHz)
  Total number of paths / destination ports: 62 / 38
-------------------------------------------------------------------------
Delay:               3.023ns (Levels of Logic = 1)
  Source:            sel_0 (FF)
  Destination:       ansig_1 (FF)
  Source Clock:      clk50 rising
  Destination Clock: clk50 rising

  Data Path: sel_0 to ansig_1
                                Gate     Net
    Cell:in->out      fanout   Delay   Delay  Logical Name (Net Name)
    ----------------------------------------  ------------
     FDR:C->Q             14   0.591   1.000  sel_0 (sel_0)
     INV:I->O              1   0.704   0.420  Mdecod_ansig_mux0001111_INV_0 (Mdecod_ansig_mux000111)
     FDS:D                     0.308          ansig_1
    ----------------------------------------
    Total                      3.023ns (1.603ns logic, 1.420ns route)
                                       (53.0% logic, 47.0% route)

=========================================================================
Timing constraint: Default OFFSET IN BEFORE for Clock 'clk50'
  Total number of paths / destination ports: 16 / 4
-------------------------------------------------------------------------
Offset:              3.146ns (Levels of Logic = 3)
  Source:            y1<0> (PAD)
  Destination:       seven_segment_0 (FF)
  Destination Clock: clk50 rising

  Data Path: y1<0> to seven_segment_0
                                Gate     Net
    Cell:in->out      fanout   Delay   Delay  Logical Name (Net Name)
    ----------------------------------------  ------------
     IBUF:I->O             1   1.218   0.595  y1_0_IBUF (y1_0_IBUF)
     LUT3:I0->O            1   0.704   0.000  Mmux_seven_segment_mux0001_4 (Mmux_seven_segment_mux0001_4)
     MUXF5:I0->O           1   0.321   0.000  Mmux_seven_segment_mux0001_2_f5 (seven_segment_mux0001<0>)
     FD:D                      0.308          seven_segment_0
    ----------------------------------------
    Total                      3.146ns (2.551ns logic, 0.595ns route)
                                       (81.1% logic, 18.9% route)

=========================================================================
Timing constraint: Default OFFSET OUT AFTER for Clock 'clk50'
  Total number of paths / destination ports: 11 / 11
-------------------------------------------------------------------------
Offset:              4.283ns (Levels of Logic = 1)
  Source:            an_3 (FF)
  Destination:       an<3> (PAD)
  Source Clock:      clk50 rising

  Data Path: an_3 to an<3>
                                Gate     Net
    Cell:in->out      fanout   Delay   Delay  Logical Name (Net Name)
    ----------------------------------------  ------------
     FDR:C->Q              1   0.591   0.420  an_3 (an_3)
     OBUF:I->O                 3.272          an_3_OBUF (an<3>)
    ----------------------------------------
    Total                      4.283ns (3.863ns logic, 0.420ns route)
                                       (90.2% logic, 9.8% route)

=========================================================================


Total REAL time to Xst completion: 5.00 secs
Total CPU time to Xst completion: 4.49 secs
 
--> 

Total memory usage is 258596 kilobytes

Number of errors   :    0 (   0 filtered)
Number of warnings :    3 (   0 filtered)
Number of infos    :    3 (   0 filtered)

