ISim log file
Running: C:\new821pm\newpoop\sinwave_tb_isim_beh.exe -intstyle ise -gui -tclbatch isim.cmd -wdb C:/new821pm/newpoop/sinwave_tb_isim_beh.wdb 
ISim P.49d (signature 0x7708f090)
This is a Full version of ISim.
Time resolution is 1 ps
# onerror resume
# wave add /
# run 1000 ns
Simulator is doing circuit initialization process.
Finished circuit initialization process.
# restart
# run 100 ms
Simulator is doing circuit initialization process.
Finished circuit initialization process.
ISim P.49d (signature 0x7708f090)
This is a Full version of ISim.
# run 1000 ns
Simulator is doing circuit initialization process.
Finished circuit initialization process.
# run 100 ms
