Release 14.4 - xst P.49d (nt64)
Copyright (c) 1995-2012 Xilinx, Inc.  All rights reserved.
--> Parameter TMPDIR set to xst/projnav.tmp


Total REAL time to Xst completion: 1.00 secs
Total CPU time to Xst completion: 0.10 secs
 
--> Parameter xsthdpdir set to xst


Total REAL time to Xst completion: 1.00 secs
Total CPU time to Xst completion: 0.11 secs
 
--> Reading design: topleveltuner.prj

TABLE OF CONTENTS
  1) Synthesis Options Summary
  2) HDL Compilation
  3) Design Hierarchy Analysis
  4) HDL Analysis
  5) HDL Synthesis
     5.1) HDL Synthesis Report
  6) Advanced HDL Synthesis
     6.1) Advanced HDL Synthesis Report
  7) Low Level Synthesis
  8) Partition Report
  9) Final Report
	9.1) Device utilization summary
	9.2) Partition Resource Summary
	9.3) TIMING REPORT


=========================================================================
*                      Synthesis Options Summary                        *
=========================================================================
---- Source Parameters
Input File Name                    : "topleveltuner.prj"
Input Format                       : mixed
Ignore Synthesis Constraint File   : NO

---- Target Parameters
Output File Name                   : "topleveltuner"
Output Format                      : NGC
Target Device                      : xc3s100e-4-cp132

---- Source Options
Top Module Name                    : topleveltuner
Automatic FSM Extraction           : YES
FSM Encoding Algorithm             : Auto
Safe Implementation                : No
FSM Style                          : LUT
RAM Extraction                     : Yes
RAM Style                          : Auto
ROM Extraction                     : Yes
Mux Style                          : Auto
Decoder Extraction                 : YES
Priority Encoder Extraction        : Yes
Shift Register Extraction          : YES
Logical Shifter Extraction         : YES
XOR Collapsing                     : YES
ROM Style                          : Auto
Mux Extraction                     : Yes
Resource Sharing                   : YES
Asynchronous To Synchronous        : NO
Multiplier Style                   : Auto
Automatic Register Balancing       : No

---- Target Options
Add IO Buffers                     : YES
Global Maximum Fanout              : 500
Add Generic Clock Buffer(BUFG)     : 24
Register Duplication               : YES
Slice Packing                      : YES
Optimize Instantiated Primitives   : NO
Use Clock Enable                   : Yes
Use Synchronous Set                : Yes
Use Synchronous Reset              : Yes
Pack IO Registers into IOBs        : Auto
Equivalent register Removal        : YES

---- General Options
Optimization Goal                  : Speed
Optimization Effort                : 1
Keep Hierarchy                     : No
Netlist Hierarchy                  : As_Optimized
RTL Output                         : Yes
Global Optimization                : AllClockNets
Read Cores                         : YES
Write Timing Constraints           : NO
Cross Clock Analysis               : NO
Hierarchy Separator                : /
Bus Delimiter                      : <>
Case Specifier                     : Maintain
Slice Utilization Ratio            : 100
BRAM Utilization Ratio             : 100
Verilog 2001                       : YES
Auto BRAM Packing                  : NO
Slice Utilization Ratio Delta      : 5

=========================================================================


=========================================================================
*                          HDL Compilation                              *
=========================================================================
Compiling vhdl file "C:/new821pm/newpoop/controller.vhd" in Library work.
Architecture behavioral of Entity controller is up to date.
Compiling vhdl file "C:/new821pm/newpoop/SerialRX.vhd" in Library work.
Architecture behavioral of Entity serialrx is up to date.
Compiling vhdl file "C:/new821pm/newpoop/fSCLK_GEN.vhd" in Library work.
Architecture behavioral of Entity fsclk_gen is up to date.
Compiling vhdl file "C:/new821pm/newpoop/freqcalc.vhd" in Library work.
Architecture behavioral of Entity freqcalc is up to date.
Compiling vhdl file "C:/new821pm/newpoop/comparator.vhd" in Library work.
Architecture behavioral of Entity comparator is up to date.
Compiling vhdl file "C:/new821pm/newpoop/s_rate_GEN.vhd" in Library work.
Architecture behavioral of Entity s_rate_gen is up to date.
Compiling vhdl file "C:/new821pm/newpoop/topleveltuner.vhd" in Library work.
Entity <topleveltuner> compiled.
Entity <topleveltuner> (Architecture <behavioral>) compiled.

=========================================================================
*                     Design Hierarchy Analysis                         *
=========================================================================
Analyzing hierarchy for entity <topleveltuner> in library <work> (architecture <behavioral>).

Analyzing hierarchy for entity <controller> in library <work> (architecture <behavioral>).

Analyzing hierarchy for entity <SerialRX> in library <work> (architecture <behavioral>).

Analyzing hierarchy for entity <fSCLK_GEN> in library <work> (architecture <behavioral>).

Analyzing hierarchy for entity <freqcalc> in library <work> (architecture <behavioral>).

Analyzing hierarchy for entity <comparator> in library <work> (architecture <behavioral>).

Analyzing hierarchy for entity <s_rate_GEN> in library <work> (architecture <behavioral>).


=========================================================================
*                            HDL Analysis                               *
=========================================================================
Analyzing Entity <topleveltuner> in library <work> (Architecture <behavioral>).
Entity <topleveltuner> analyzed. Unit <topleveltuner> generated.

Analyzing Entity <controller> in library <work> (Architecture <behavioral>).
Entity <controller> analyzed. Unit <controller> generated.

Analyzing Entity <SerialRX> in library <work> (Architecture <behavioral>).
Entity <SerialRX> analyzed. Unit <SerialRX> generated.

Analyzing Entity <fSCLK_GEN> in library <work> (Architecture <behavioral>).
Entity <fSCLK_GEN> analyzed. Unit <fSCLK_GEN> generated.

Analyzing Entity <freqcalc> in library <work> (Architecture <behavioral>).
INFO:Xst:2679 - Register <BigCount> in unit <freqcalc> has a constant value of 00000000000000000000000000000000 during circuit operation. The register is replaced by logic.
Entity <freqcalc> analyzed. Unit <freqcalc> generated.

Analyzing Entity <comparator> in library <work> (Architecture <behavioral>).
Entity <comparator> analyzed. Unit <comparator> generated.

Analyzing Entity <s_rate_GEN> in library <work> (Architecture <behavioral>).
Entity <s_rate_GEN> analyzed. Unit <s_rate_GEN> generated.


=========================================================================
*                           HDL Synthesis                               *
=========================================================================

Performing bidirectional port resolution...
INFO:Xst:2679 - Register <BigCount_TC> in unit <freqcalc> has a constant value of 0 during circuit operation. The register is replaced by logic.

Synthesizing Unit <controller>.
    Related source file is "C:/new821pm/newpoop/controller.vhd".
WARNING:Xst:1305 - Output <note7seg> is never assigned. Tied to value 0000000.
WARNING:Xst:1305 - Output <acc7seg> is never assigned. Tied to value 0000000.
WARNING:Xst:647 - Input <stringsel> is never used. This port will be preserved and left unconnected if it belongs to a top-level block or it belongs to a sub-block and the hierarchy of this sub-block is preserved.
    Found finite state machine <FSM_0> for signal <PS>.
    -----------------------------------------------------------------------
    | States             | 11                                             |
    | Transitions        | 31                                             |
    | Inputs             | 8                                              |
    | Outputs            | 9                                              |
    | Clock              | CLK                       (rising_edge)        |
    | Power Up State     | hold                                           |
    | Encoding           | automatic                                      |
    | Implementation     | LUT                                            |
    -----------------------------------------------------------------------
    Found 12-bit comparator greater for signal <PS$cmp_gt0000> created at line 156.
    Found 12-bit comparator greater for signal <PS$cmp_gt0001> created at line 231.
    Found 12-bit comparator greater for signal <PS$cmp_gt0002> created at line 242.
    Summary:
	inferred   1 Finite State Machine(s).
	inferred   3 Comparator(s).
Unit <controller> synthesized.


Synthesizing Unit <SerialRX>.
    Related source file is "C:/new821pm/newpoop/SerialRX.vhd".
WARNING:Xst:646 - Signal <shreg<15>> is assigned but never used. This unconnected signal will be trimmed during the optimization process.
    Found finite state machine <FSM_1> for signal <curr_state>.
    -----------------------------------------------------------------------
    | States             | 3                                              |
    | Transitions        | 6                                              |
    | Inputs             | 2                                              |
    | Outputs            | 3                                              |
    | Clock              | fSCLK                     (rising_edge)        |
    | Power Up State     | off                                            |
    | Encoding           | automatic                                      |
    | Implementation     | LUT                                            |
    -----------------------------------------------------------------------
    Found 4-bit up counter for signal <fSCLK_count>.
    Found 12-bit register for signal <preg>.
    Found 1-bit register for signal <SB_STOPBIT>.
    Found 4-bit up counter for signal <shift_count>.
    Found 16-bit register for signal <shreg>.
    Found 1-bit register for signal <SyncReg>.
    Summary:
	inferred   1 Finite State Machine(s).
	inferred   2 Counter(s).
	inferred  30 D-type flip-flop(s).
Unit <SerialRX> synthesized.


Synthesizing Unit <freqcalc>.
    Related source file is "C:/new821pm/newpoop/freqcalc.vhd".
WARNING:Xst:646 - Signal <TEMP<51:48>> is assigned but never used. This unconnected signal will be trimmed during the optimization process.
WARNING:Xst:646 - Signal <BC_CLR> is assigned but never used. This unconnected signal will be trimmed during the optimization process.
    Found 1-bit register for signal <NOSIGNAL>.
    Found 48x6-bit multiplier for signal <PULSE_PER>.
    Found 48-bit up counter for signal <CurrCount>.
    Found 48-bit register for signal <NumTicks>.
    Found 48-bit subtractor for signal <NumTicks$addsub0000> created at line 93.
    Found 48-bit comparator greater for signal <NumTicks$cmp_gt0000> created at line 94.
    Found 48-bit comparator less for signal <NumTicks$cmp_lt0000> created at line 90.
    Found 48-bit 4-to-1 multiplexer for signal <NumTicks$mux0003>.
    Found 48-bit register for signal <PrevCount>.
    Found 52-bit register for signal <TEMP>.
    Found 52-bit adder for signal <TEMP$add0000> created at line 97.
    Found 52-bit adder for signal <TEMP$addsub0000> created at line 97.
    Found 48-bit comparator lessequal for signal <TEMP$cmp_le0000> created at line 94.
    Summary:
	inferred   1 Counter(s).
	inferred 149 D-type flip-flop(s).
	inferred   3 Adder/Subtractor(s).
	inferred   1 Multiplier(s).
	inferred   3 Comparator(s).
	inferred  48 Multiplexer(s).
Unit <freqcalc> synthesized.


Synthesizing Unit <comparator>.
    Related source file is "C:/new821pm/newpoop/comparator.vhd".
WARNING:Xst:647 - Input <no_signal> is never used. This port will be preserved and left unconnected if it belongs to a top-level block or it belongs to a sub-block and the hierarchy of this sub-block is preserved.
WARNING:Xst:1780 - Signal <acc_temp> is never used or assigned. This unconnected signal will be trimmed during the optimization process.
WARNING:Xst:1780 - Signal <acc_sig> is never used or assigned. This unconnected signal will be trimmed during the optimization process.
WARNING:Xst:1780 - Signal <acc_count> is never used or assigned. This unconnected signal will be trimmed during the optimization process.
    Found 8-bit register for signal <LEDs>.
    Found 54-bit comparator less for signal <LEDs$cmp_lt0000> created at line 154.
    Found 54-bit comparator less for signal <LEDs$cmp_lt0001> created at line 155.
    Summary:
	inferred   8 D-type flip-flop(s).
	inferred   2 Comparator(s).
Unit <comparator> synthesized.


Synthesizing Unit <s_rate_GEN>.
    Related source file is "C:/new821pm/newpoop/s_rate_GEN.vhd".
    Found 1-bit register for signal <starttick>.
    Found 9-bit up counter for signal <srcount>.
    Found 9-bit comparator greatequal for signal <srcount$cmp_ge0000> created at line 53.
    Summary:
	inferred   1 Counter(s).
	inferred   1 D-type flip-flop(s).
	inferred   1 Comparator(s).
Unit <s_rate_GEN> synthesized.


Synthesizing Unit <fSCLK_GEN>.
    Related source file is "C:/new821pm/newpoop/fSCLK_GEN.vhd".
    Found 1-bit register for signal <fSCLK_sig>.
    Summary:
	inferred   1 D-type flip-flop(s).
Unit <fSCLK_GEN> synthesized.


Synthesizing Unit <topleveltuner>.
    Related source file is "C:/new821pm/newpoop/topleveltuner.vhd".
Unit <topleveltuner> synthesized.


=========================================================================
HDL Synthesis Report

Macro Statistics
# Multipliers                                          : 1
 48x6-bit multiplier                                   : 1
# Adders/Subtractors                                   : 3
 48-bit subtractor                                     : 1
 52-bit adder                                          : 2
# Counters                                             : 3
 4-bit up counter                                      : 1
 48-bit up counter                                     : 1
 9-bit up counter                                      : 1
# Registers                                            : 11
 1-bit register                                        : 5
 12-bit register                                       : 1
 16-bit register                                       : 1
 48-bit register                                       : 2
 52-bit register                                       : 1
 8-bit register                                        : 1
# Comparators                                          : 9
 12-bit comparator greater                             : 3
 48-bit comparator greater                             : 1
 48-bit comparator less                                : 1
 48-bit comparator lessequal                           : 1
 54-bit comparator less                                : 2
 9-bit comparator greatequal                           : 1
# Multiplexers                                         : 1
 48-bit 4-to-1 multiplexer                             : 1

=========================================================================

=========================================================================
*                       Advanced HDL Synthesis                          *
=========================================================================

Analyzing FSM <FSM_1> for best encoding.
Optimizing FSM <serialreciever/curr_state/FSM> on signal <curr_state[1:2]> with user encoding.
--------------------
 State  | Encoding
--------------------
 off    | 00
 shift  | 01
 output | 10
--------------------
Analyzing FSM <FSM_0> for best encoding.
Optimizing FSM <control/PS/FSM> on signal <PS[1:4]> with user encoding.
-----------------------------
 State           | Encoding
-----------------------------
 hold            | 0000
 init_samp_start | 0001
 init_rx_wait    | 0010
 init_comp       | 0011
 h_samp_wait     | 0100
 l_samp_wait     | 0101
 h_rx_wait       | 0110
 l_rx_wait       | 0111
 h_comp          | 1000
 l_comp          | 1001
 no_signal       | 1010
-----------------------------
INFO:Xst:2261 - The FF/Latch <LEDs_0> in Unit <compare> is equivalent to the following FF/Latch, which will be removed : <LEDs_1> 
INFO:Xst:2261 - The FF/Latch <LEDs_6> in Unit <compare> is equivalent to the following FF/Latch, which will be removed : <LEDs_7> 
INFO:Xst:2261 - The FF/Latch <LEDs_2> in Unit <compare> is equivalent to the following 3 FFs/Latches, which will be removed : <LEDs_3> <LEDs_4> <LEDs_5> 
WARNING:Xst:2677 - Node <shreg_12> of sequential type is unconnected in block <serialreciever>.
WARNING:Xst:2677 - Node <shreg_13> of sequential type is unconnected in block <serialreciever>.
WARNING:Xst:2677 - Node <shreg_14> of sequential type is unconnected in block <serialreciever>.
WARNING:Xst:2677 - Node <shreg_15> of sequential type is unconnected in block <serialreciever>.
WARNING:Xst:2677 - Node <TEMP_48> of sequential type is unconnected in block <calcfreq>.
WARNING:Xst:2677 - Node <TEMP_49> of sequential type is unconnected in block <calcfreq>.
WARNING:Xst:2677 - Node <TEMP_50> of sequential type is unconnected in block <calcfreq>.
WARNING:Xst:2677 - Node <TEMP_51> of sequential type is unconnected in block <calcfreq>.

Synthesizing (advanced) Unit <freqcalc>.
	Found pipelined multiplier on signal <PULSE_PER>:
		- 1 pipeline level(s) found in a register on signal <NumTicks>.
		Pushing register(s) into the multiplier macro.
INFO:Xst:2385 - HDL ADVISOR - You can improve the performance of the multiplier Mmult_PULSE_PER by adding 3 register level(s).
Unit <freqcalc> synthesized (advanced).
WARNING:Xst:2677 - Node <shreg_12> of sequential type is unconnected in block <SerialRX>.
WARNING:Xst:2677 - Node <shreg_13> of sequential type is unconnected in block <SerialRX>.
WARNING:Xst:2677 - Node <shreg_14> of sequential type is unconnected in block <SerialRX>.
WARNING:Xst:2677 - Node <shreg_15> of sequential type is unconnected in block <SerialRX>.
WARNING:Xst:2677 - Node <TEMP_48> of sequential type is unconnected in block <freqcalc>.
WARNING:Xst:2677 - Node <TEMP_49> of sequential type is unconnected in block <freqcalc>.
WARNING:Xst:2677 - Node <TEMP_50> of sequential type is unconnected in block <freqcalc>.
WARNING:Xst:2677 - Node <TEMP_51> of sequential type is unconnected in block <freqcalc>.

=========================================================================
Advanced HDL Synthesis Report

Macro Statistics
# FSMs                                                 : 2
# Multipliers                                          : 1
 48x6-bit registered multiplier                        : 1
# Adders/Subtractors                                   : 3
 48-bit subtractor                                     : 1
 52-bit adder                                          : 2
# Counters                                             : 3
 4-bit up counter                                      : 1
 48-bit up counter                                     : 1
 9-bit up counter                                      : 1
# Registers                                            : 133
 Flip-Flops                                            : 133
# Comparators                                          : 9
 12-bit comparator greater                             : 3
 48-bit comparator greater                             : 1
 48-bit comparator less                                : 1
 48-bit comparator lessequal                           : 1
 54-bit comparator less                                : 2
 9-bit comparator greatequal                           : 1
# Multiplexers                                         : 1
 48-bit 4-to-1 multiplexer                             : 1

=========================================================================

=========================================================================
*                         Low Level Synthesis                           *
=========================================================================
INFO:Xst:2261 - The FF/Latch <LEDs_0> in Unit <comparator> is equivalent to the following FF/Latch, which will be removed : <LEDs_1> 
INFO:Xst:2261 - The FF/Latch <LEDs_6> in Unit <comparator> is equivalent to the following FF/Latch, which will be removed : <LEDs_7> 
INFO:Xst:2261 - The FF/Latch <LEDs_2> in Unit <comparator> is equivalent to the following 3 FFs/Latches, which will be removed : <LEDs_3> <LEDs_4> <LEDs_5> 

Optimizing unit <topleveltuner> ...

Optimizing unit <controller> ...

Optimizing unit <SerialRX> ...

Optimizing unit <freqcalc> ...

Optimizing unit <comparator> ...

Mapping all equations...
Building and optimizing final netlist ...
Found area constraint ratio of 100 (+ 5) on block topleveltuner, actual ratio is 30.
FlipFlop compare/LEDs_6 has been replicated 1 time(s) to handle iob=true attribute.
FlipFlop compare/LEDs_2 has been replicated 3 time(s) to handle iob=true attribute.
FlipFlop compare/LEDs_0 has been replicated 1 time(s) to handle iob=true attribute.

Final Macro Processing ...

=========================================================================
Final Register Report

Macro Statistics
# Registers                                            : 200
 Flip-Flops                                            : 200

=========================================================================

=========================================================================
*                           Partition Report                            *
=========================================================================

Partition Implementation Status
-------------------------------

  No Partitions were found in this design.

-------------------------------

=========================================================================
*                            Final Report                               *
=========================================================================
Final Results
RTL Top Level Output File Name     : topleveltuner.ngr
Top Level Output File Name         : topleveltuner
Output Format                      : NGC
Optimization Goal                  : Speed
Keep Hierarchy                     : No

Design Statistics
# IOs                              : 47

Cell Usage :
# BELS                             : 1117
#      GND                         : 1
#      INV                         : 53
#      LUT1                        : 68
#      LUT2                        : 209
#      LUT3                        : 23
#      LUT4                        : 171
#      LUT4_L                      : 1
#      MULT_AND                    : 45
#      MUXCY                       : 344
#      MUXF5                       : 5
#      VCC                         : 1
#      XORCY                       : 196
# FlipFlops/Latches                : 200
#      FD                          : 98
#      FDE                         : 64
#      FDR                         : 14
#      FDRE                        : 12
#      FDS                         : 12
# Clock Buffers                    : 3
#      BUFG                        : 2
#      BUFGP                       : 1
# IO Buffers                       : 46
#      IBUF                        : 8
#      OBUF                        : 38
# MULTs                            : 3
#      MULT18X18SIO                : 3
=========================================================================

Device utilization summary:
---------------------------

Selected Device : 3s100ecp132-4 

 Number of Slices:                      249  out of    960    25%  
 Number of Slice Flip Flops:            192  out of   1920    10%  
 Number of 4 input LUTs:                525  out of   1920    27%  
 Number of IOs:                          47
 Number of bonded IOBs:                  47  out of     83    56%  
    IOB Flip Flops:                       8
 Number of MULT18X18SIOs:                 3  out of      4    75%  
 Number of GCLKs:                         3  out of     24    12%  

---------------------------
Partition Resource Summary:
---------------------------

  No Partitions were found in this design.

---------------------------


=========================================================================
TIMING REPORT

NOTE: THESE TIMING NUMBERS ARE ONLY A SYNTHESIS ESTIMATE.
      FOR ACCURATE TIMING INFORMATION PLEASE REFER TO THE TRACE REPORT
      GENERATED AFTER PLACE-and-ROUTE.

Clock Information:
------------------
-------------------------------------+--------------------------------------------+-------+
Clock Signal                         | Clock buffer(FF name)                      | Load  |
-------------------------------------+--------------------------------------------+-------+
CLK                                  | BUFGP                                      | 71    |
serialclk/fSCLK_sig                  | BUFG                                       | 32    |
pulse_OBUF1(control/freq_pulse1_f5:O)| BUFG(*)(calcfreq/Mmult_PULSE_PER_submult_1)| 100   |
-------------------------------------+--------------------------------------------+-------+
(*) This 1 clock signal(s) are generated by combinatorial logic,
and XST is not able to identify which are the primary clock signals.
Please use the CLOCK_SIGNAL constraint to specify the clock signal(s) generated by combinatorial logic.

Asynchronous Control Signals Information:
----------------------------------------
No asynchronous control signals found in this design

Timing Summary:
---------------
Speed Grade: -4

   Minimum period: 9.387ns (Maximum Frequency: 106.526MHz)
   Minimum input arrival time before clock: 11.802ns
   Maximum output required time after clock: 9.646ns
   Maximum combinational path delay: 7.773ns

Timing Detail:
--------------
All values displayed in nanoseconds (ns)

=========================================================================
Timing constraint: Default period analysis for Clock 'CLK'
  Clock period: 6.409ns (frequency: 156.031MHz)
  Total number of paths / destination ports: 1343 / 76
-------------------------------------------------------------------------
Delay:               6.409ns (Levels of Logic = 48)
  Source:            calcfreq/CurrCount_1 (FF)
  Destination:       calcfreq/CurrCount_47 (FF)
  Source Clock:      CLK rising
  Destination Clock: CLK rising

  Data Path: calcfreq/CurrCount_1 to calcfreq/CurrCount_47
                                Gate     Net
    Cell:in->out      fanout   Delay   Delay  Logical Name (Net Name)
    ----------------------------------------  ------------
     FD:C->Q               7   0.591   0.883  calcfreq/CurrCount_1 (calcfreq/CurrCount_1)
     LUT1:I0->O            1   0.704   0.000  calcfreq/Mcount_CurrCount_cy<1>_rt (calcfreq/Mcount_CurrCount_cy<1>_rt)
     MUXCY:S->O            1   0.464   0.000  calcfreq/Mcount_CurrCount_cy<1> (calcfreq/Mcount_CurrCount_cy<1>)
     MUXCY:CI->O           1   0.059   0.000  calcfreq/Mcount_CurrCount_cy<2> (calcfreq/Mcount_CurrCount_cy<2>)
     MUXCY:CI->O           1   0.059   0.000  calcfreq/Mcount_CurrCount_cy<3> (calcfreq/Mcount_CurrCount_cy<3>)
     MUXCY:CI->O           1   0.059   0.000  calcfreq/Mcount_CurrCount_cy<4> (calcfreq/Mcount_CurrCount_cy<4>)
     MUXCY:CI->O           1   0.059   0.000  calcfreq/Mcount_CurrCount_cy<5> (calcfreq/Mcount_CurrCount_cy<5>)
     MUXCY:CI->O           1   0.059   0.000  calcfreq/Mcount_CurrCount_cy<6> (calcfreq/Mcount_CurrCount_cy<6>)
     MUXCY:CI->O           1   0.059   0.000  calcfreq/Mcount_CurrCount_cy<7> (calcfreq/Mcount_CurrCount_cy<7>)
     MUXCY:CI->O           1   0.059   0.000  calcfreq/Mcount_CurrCount_cy<8> (calcfreq/Mcount_CurrCount_cy<8>)
     MUXCY:CI->O           1   0.059   0.000  calcfreq/Mcount_CurrCount_cy<9> (calcfreq/Mcount_CurrCount_cy<9>)
     MUXCY:CI->O           1   0.059   0.000  calcfreq/Mcount_CurrCount_cy<10> (calcfreq/Mcount_CurrCount_cy<10>)
     MUXCY:CI->O           1   0.059   0.000  calcfreq/Mcount_CurrCount_cy<11> (calcfreq/Mcount_CurrCount_cy<11>)
     MUXCY:CI->O           1   0.059   0.000  calcfreq/Mcount_CurrCount_cy<12> (calcfreq/Mcount_CurrCount_cy<12>)
     MUXCY:CI->O           1   0.059   0.000  calcfreq/Mcount_CurrCount_cy<13> (calcfreq/Mcount_CurrCount_cy<13>)
     MUXCY:CI->O           1   0.059   0.000  calcfreq/Mcount_CurrCount_cy<14> (calcfreq/Mcount_CurrCount_cy<14>)
     MUXCY:CI->O           1   0.059   0.000  calcfreq/Mcount_CurrCount_cy<15> (calcfreq/Mcount_CurrCount_cy<15>)
     MUXCY:CI->O           1   0.059   0.000  calcfreq/Mcount_CurrCount_cy<16> (calcfreq/Mcount_CurrCount_cy<16>)
     MUXCY:CI->O           1   0.059   0.000  calcfreq/Mcount_CurrCount_cy<17> (calcfreq/Mcount_CurrCount_cy<17>)
     MUXCY:CI->O           1   0.059   0.000  calcfreq/Mcount_CurrCount_cy<18> (calcfreq/Mcount_CurrCount_cy<18>)
     MUXCY:CI->O           1   0.059   0.000  calcfreq/Mcount_CurrCount_cy<19> (calcfreq/Mcount_CurrCount_cy<19>)
     MUXCY:CI->O           1   0.059   0.000  calcfreq/Mcount_CurrCount_cy<20> (calcfreq/Mcount_CurrCount_cy<20>)
     MUXCY:CI->O           1   0.059   0.000  calcfreq/Mcount_CurrCount_cy<21> (calcfreq/Mcount_CurrCount_cy<21>)
     MUXCY:CI->O           1   0.059   0.000  calcfreq/Mcount_CurrCount_cy<22> (calcfreq/Mcount_CurrCount_cy<22>)
     MUXCY:CI->O           1   0.059   0.000  calcfreq/Mcount_CurrCount_cy<23> (calcfreq/Mcount_CurrCount_cy<23>)
     MUXCY:CI->O           1   0.059   0.000  calcfreq/Mcount_CurrCount_cy<24> (calcfreq/Mcount_CurrCount_cy<24>)
     MUXCY:CI->O           1   0.059   0.000  calcfreq/Mcount_CurrCount_cy<25> (calcfreq/Mcount_CurrCount_cy<25>)
     MUXCY:CI->O           1   0.059   0.000  calcfreq/Mcount_CurrCount_cy<26> (calcfreq/Mcount_CurrCount_cy<26>)
     MUXCY:CI->O           1   0.059   0.000  calcfreq/Mcount_CurrCount_cy<27> (calcfreq/Mcount_CurrCount_cy<27>)
     MUXCY:CI->O           1   0.059   0.000  calcfreq/Mcount_CurrCount_cy<28> (calcfreq/Mcount_CurrCount_cy<28>)
     MUXCY:CI->O           1   0.059   0.000  calcfreq/Mcount_CurrCount_cy<29> (calcfreq/Mcount_CurrCount_cy<29>)
     MUXCY:CI->O           1   0.059   0.000  calcfreq/Mcount_CurrCount_cy<30> (calcfreq/Mcount_CurrCount_cy<30>)
     MUXCY:CI->O           1   0.059   0.000  calcfreq/Mcount_CurrCount_cy<31> (calcfreq/Mcount_CurrCount_cy<31>)
     MUXCY:CI->O           1   0.059   0.000  calcfreq/Mcount_CurrCount_cy<32> (calcfreq/Mcount_CurrCount_cy<32>)
     MUXCY:CI->O           1   0.059   0.000  calcfreq/Mcount_CurrCount_cy<33> (calcfreq/Mcount_CurrCount_cy<33>)
     MUXCY:CI->O           1   0.059   0.000  calcfreq/Mcount_CurrCount_cy<34> (calcfreq/Mcount_CurrCount_cy<34>)
     MUXCY:CI->O           1   0.059   0.000  calcfreq/Mcount_CurrCount_cy<35> (calcfreq/Mcount_CurrCount_cy<35>)
     MUXCY:CI->O           1   0.059   0.000  calcfreq/Mcount_CurrCount_cy<36> (calcfreq/Mcount_CurrCount_cy<36>)
     MUXCY:CI->O           1   0.059   0.000  calcfreq/Mcount_CurrCount_cy<37> (calcfreq/Mcount_CurrCount_cy<37>)
     MUXCY:CI->O           1   0.059   0.000  calcfreq/Mcount_CurrCount_cy<38> (calcfreq/Mcount_CurrCount_cy<38>)
     MUXCY:CI->O           1   0.059   0.000  calcfreq/Mcount_CurrCount_cy<39> (calcfreq/Mcount_CurrCount_cy<39>)
     MUXCY:CI->O           1   0.059   0.000  calcfreq/Mcount_CurrCount_cy<40> (calcfreq/Mcount_CurrCount_cy<40>)
     MUXCY:CI->O           1   0.059   0.000  calcfreq/Mcount_CurrCount_cy<41> (calcfreq/Mcount_CurrCount_cy<41>)
     MUXCY:CI->O           1   0.059   0.000  calcfreq/Mcount_CurrCount_cy<42> (calcfreq/Mcount_CurrCount_cy<42>)
     MUXCY:CI->O           1   0.059   0.000  calcfreq/Mcount_CurrCount_cy<43> (calcfreq/Mcount_CurrCount_cy<43>)
     MUXCY:CI->O           1   0.059   0.000  calcfreq/Mcount_CurrCount_cy<44> (calcfreq/Mcount_CurrCount_cy<44>)
     MUXCY:CI->O           1   0.059   0.000  calcfreq/Mcount_CurrCount_cy<45> (calcfreq/Mcount_CurrCount_cy<45>)
     MUXCY:CI->O           0   0.059   0.000  calcfreq/Mcount_CurrCount_cy<46> (calcfreq/Mcount_CurrCount_cy<46>)
     XORCY:CI->O           1   0.804   0.000  calcfreq/Mcount_CurrCount_xor<47> (calcfreq/Result<47>)
     FD:D                      0.308          calcfreq/CurrCount_47
    ----------------------------------------
    Total                      6.409ns (5.526ns logic, 0.883ns route)
                                       (86.2% logic, 13.8% route)

=========================================================================
Timing constraint: Default period analysis for Clock 'serialclk/fSCLK_sig'
  Clock period: 4.466ns (frequency: 223.914MHz)
  Total number of paths / destination ports: 125 / 71
-------------------------------------------------------------------------
Delay:               4.466ns (Levels of Logic = 2)
  Source:            serialreciever/SB_STOPBIT (FF)
  Destination:       serialreciever/SB_STOPBIT (FF)
  Source Clock:      serialclk/fSCLK_sig rising
  Destination Clock: serialclk/fSCLK_sig rising

  Data Path: serialreciever/SB_STOPBIT to serialreciever/SB_STOPBIT
                                Gate     Net
    Cell:in->out      fanout   Delay   Delay  Logical Name (Net Name)
    ----------------------------------------  ------------
     FDR:C->Q              5   0.591   0.712  serialreciever/SB_STOPBIT (serialreciever/SB_STOPBIT)
     LUT4:I1->O            1   0.704   0.424  serialreciever/SB_STOPBIT_or0000_SW0 (N11)
     LUT4:I3->O            1   0.704   0.420  serialreciever/SB_STOPBIT_or0000 (serialreciever/SB_STOPBIT_not0001_inv)
     FDR:R                     0.911          serialreciever/SB_STOPBIT
    ----------------------------------------
    Total                      4.466ns (2.910ns logic, 1.556ns route)
                                       (65.2% logic, 34.8% route)

=========================================================================
Timing constraint: Default period analysis for Clock 'pulse_OBUF1'
  Clock period: 9.387ns (frequency: 106.526MHz)
  Total number of paths / destination ports: 13876 / 145
-------------------------------------------------------------------------
Delay:               9.387ns (Levels of Logic = 50)
  Source:            calcfreq/PrevCount_0 (FF)
  Destination:       calcfreq/TEMP_31 (FF)
  Source Clock:      pulse_OBUF1 rising
  Destination Clock: pulse_OBUF1 rising

  Data Path: calcfreq/PrevCount_0 to calcfreq/TEMP_31
                                Gate     Net
    Cell:in->out      fanout   Delay   Delay  Logical Name (Net Name)
    ----------------------------------------  ------------
     FD:C->Q               4   0.591   0.666  calcfreq/PrevCount_0 (calcfreq/PrevCount_0)
     LUT2:I1->O            1   0.704   0.000  calcfreq/Mcompar_NumTicks_cmp_gt0000_lut<0> (calcfreq/Mcompar_NumTicks_cmp_gt0000_lut<0>)
     MUXCY:S->O            1   0.464   0.000  calcfreq/Mcompar_NumTicks_cmp_gt0000_cy<0> (calcfreq/Mcompar_NumTicks_cmp_gt0000_cy<0>)
     MUXCY:CI->O           1   0.059   0.000  calcfreq/Mcompar_NumTicks_cmp_gt0000_cy<1> (calcfreq/Mcompar_NumTicks_cmp_gt0000_cy<1>)
     MUXCY:CI->O           1   0.059   0.000  calcfreq/Mcompar_NumTicks_cmp_gt0000_cy<2> (calcfreq/Mcompar_NumTicks_cmp_gt0000_cy<2>)
     MUXCY:CI->O           1   0.059   0.000  calcfreq/Mcompar_NumTicks_cmp_gt0000_cy<3> (calcfreq/Mcompar_NumTicks_cmp_gt0000_cy<3>)
     MUXCY:CI->O           1   0.059   0.000  calcfreq/Mcompar_NumTicks_cmp_gt0000_cy<4> (calcfreq/Mcompar_NumTicks_cmp_gt0000_cy<4>)
     MUXCY:CI->O           1   0.059   0.000  calcfreq/Mcompar_NumTicks_cmp_gt0000_cy<5> (calcfreq/Mcompar_NumTicks_cmp_gt0000_cy<5>)
     MUXCY:CI->O           1   0.059   0.000  calcfreq/Mcompar_NumTicks_cmp_gt0000_cy<6> (calcfreq/Mcompar_NumTicks_cmp_gt0000_cy<6>)
     MUXCY:CI->O           1   0.059   0.000  calcfreq/Mcompar_NumTicks_cmp_gt0000_cy<7> (calcfreq/Mcompar_NumTicks_cmp_gt0000_cy<7>)
     MUXCY:CI->O           1   0.059   0.000  calcfreq/Mcompar_NumTicks_cmp_gt0000_cy<8> (calcfreq/Mcompar_NumTicks_cmp_gt0000_cy<8>)
     MUXCY:CI->O           1   0.059   0.000  calcfreq/Mcompar_NumTicks_cmp_gt0000_cy<9> (calcfreq/Mcompar_NumTicks_cmp_gt0000_cy<9>)
     MUXCY:CI->O           1   0.059   0.000  calcfreq/Mcompar_NumTicks_cmp_gt0000_cy<10> (calcfreq/Mcompar_NumTicks_cmp_gt0000_cy<10>)
     MUXCY:CI->O           1   0.059   0.000  calcfreq/Mcompar_NumTicks_cmp_gt0000_cy<11> (calcfreq/Mcompar_NumTicks_cmp_gt0000_cy<11>)
     MUXCY:CI->O           1   0.059   0.000  calcfreq/Mcompar_NumTicks_cmp_gt0000_cy<12> (calcfreq/Mcompar_NumTicks_cmp_gt0000_cy<12>)
     MUXCY:CI->O           1   0.059   0.000  calcfreq/Mcompar_NumTicks_cmp_gt0000_cy<13> (calcfreq/Mcompar_NumTicks_cmp_gt0000_cy<13>)
     MUXCY:CI->O           1   0.059   0.000  calcfreq/Mcompar_NumTicks_cmp_gt0000_cy<14> (calcfreq/Mcompar_NumTicks_cmp_gt0000_cy<14>)
     MUXCY:CI->O           1   0.059   0.000  calcfreq/Mcompar_NumTicks_cmp_gt0000_cy<15> (calcfreq/Mcompar_NumTicks_cmp_gt0000_cy<15>)
     MUXCY:CI->O           1   0.059   0.000  calcfreq/Mcompar_NumTicks_cmp_gt0000_cy<16> (calcfreq/Mcompar_NumTicks_cmp_gt0000_cy<16>)
     MUXCY:CI->O           1   0.059   0.000  calcfreq/Mcompar_NumTicks_cmp_gt0000_cy<17> (calcfreq/Mcompar_NumTicks_cmp_gt0000_cy<17>)
     MUXCY:CI->O           1   0.059   0.000  calcfreq/Mcompar_NumTicks_cmp_gt0000_cy<18> (calcfreq/Mcompar_NumTicks_cmp_gt0000_cy<18>)
     MUXCY:CI->O           1   0.059   0.000  calcfreq/Mcompar_NumTicks_cmp_gt0000_cy<19> (calcfreq/Mcompar_NumTicks_cmp_gt0000_cy<19>)
     MUXCY:CI->O           1   0.059   0.000  calcfreq/Mcompar_NumTicks_cmp_gt0000_cy<20> (calcfreq/Mcompar_NumTicks_cmp_gt0000_cy<20>)
     MUXCY:CI->O           1   0.059   0.000  calcfreq/Mcompar_NumTicks_cmp_gt0000_cy<21> (calcfreq/Mcompar_NumTicks_cmp_gt0000_cy<21>)
     MUXCY:CI->O           1   0.059   0.000  calcfreq/Mcompar_NumTicks_cmp_gt0000_cy<22> (calcfreq/Mcompar_NumTicks_cmp_gt0000_cy<22>)
     MUXCY:CI->O           1   0.059   0.000  calcfreq/Mcompar_NumTicks_cmp_gt0000_cy<23> (calcfreq/Mcompar_NumTicks_cmp_gt0000_cy<23>)
     MUXCY:CI->O           1   0.059   0.000  calcfreq/Mcompar_NumTicks_cmp_gt0000_cy<24> (calcfreq/Mcompar_NumTicks_cmp_gt0000_cy<24>)
     MUXCY:CI->O           1   0.059   0.000  calcfreq/Mcompar_NumTicks_cmp_gt0000_cy<25> (calcfreq/Mcompar_NumTicks_cmp_gt0000_cy<25>)
     MUXCY:CI->O           1   0.059   0.000  calcfreq/Mcompar_NumTicks_cmp_gt0000_cy<26> (calcfreq/Mcompar_NumTicks_cmp_gt0000_cy<26>)
     MUXCY:CI->O           1   0.059   0.000  calcfreq/Mcompar_NumTicks_cmp_gt0000_cy<27> (calcfreq/Mcompar_NumTicks_cmp_gt0000_cy<27>)
     MUXCY:CI->O           1   0.059   0.000  calcfreq/Mcompar_NumTicks_cmp_gt0000_cy<28> (calcfreq/Mcompar_NumTicks_cmp_gt0000_cy<28>)
     MUXCY:CI->O           1   0.059   0.000  calcfreq/Mcompar_NumTicks_cmp_gt0000_cy<29> (calcfreq/Mcompar_NumTicks_cmp_gt0000_cy<29>)
     MUXCY:CI->O           1   0.059   0.000  calcfreq/Mcompar_NumTicks_cmp_gt0000_cy<30> (calcfreq/Mcompar_NumTicks_cmp_gt0000_cy<30>)
     MUXCY:CI->O           1   0.059   0.000  calcfreq/Mcompar_NumTicks_cmp_gt0000_cy<31> (calcfreq/Mcompar_NumTicks_cmp_gt0000_cy<31>)
     MUXCY:CI->O           1   0.059   0.000  calcfreq/Mcompar_NumTicks_cmp_gt0000_cy<32> (calcfreq/Mcompar_NumTicks_cmp_gt0000_cy<32>)
     MUXCY:CI->O           1   0.059   0.000  calcfreq/Mcompar_NumTicks_cmp_gt0000_cy<33> (calcfreq/Mcompar_NumTicks_cmp_gt0000_cy<33>)
     MUXCY:CI->O           1   0.059   0.000  calcfreq/Mcompar_NumTicks_cmp_gt0000_cy<34> (calcfreq/Mcompar_NumTicks_cmp_gt0000_cy<34>)
     MUXCY:CI->O           1   0.059   0.000  calcfreq/Mcompar_NumTicks_cmp_gt0000_cy<35> (calcfreq/Mcompar_NumTicks_cmp_gt0000_cy<35>)
     MUXCY:CI->O           1   0.059   0.000  calcfreq/Mcompar_NumTicks_cmp_gt0000_cy<36> (calcfreq/Mcompar_NumTicks_cmp_gt0000_cy<36>)
     MUXCY:CI->O           1   0.059   0.000  calcfreq/Mcompar_NumTicks_cmp_gt0000_cy<37> (calcfreq/Mcompar_NumTicks_cmp_gt0000_cy<37>)
     MUXCY:CI->O           1   0.059   0.000  calcfreq/Mcompar_NumTicks_cmp_gt0000_cy<38> (calcfreq/Mcompar_NumTicks_cmp_gt0000_cy<38>)
     MUXCY:CI->O           1   0.059   0.000  calcfreq/Mcompar_NumTicks_cmp_gt0000_cy<39> (calcfreq/Mcompar_NumTicks_cmp_gt0000_cy<39>)
     MUXCY:CI->O           1   0.059   0.000  calcfreq/Mcompar_NumTicks_cmp_gt0000_cy<40> (calcfreq/Mcompar_NumTicks_cmp_gt0000_cy<40>)
     MUXCY:CI->O           1   0.059   0.000  calcfreq/Mcompar_NumTicks_cmp_gt0000_cy<41> (calcfreq/Mcompar_NumTicks_cmp_gt0000_cy<41>)
     MUXCY:CI->O           1   0.059   0.000  calcfreq/Mcompar_NumTicks_cmp_gt0000_cy<42> (calcfreq/Mcompar_NumTicks_cmp_gt0000_cy<42>)
     MUXCY:CI->O           1   0.059   0.000  calcfreq/Mcompar_NumTicks_cmp_gt0000_cy<43> (calcfreq/Mcompar_NumTicks_cmp_gt0000_cy<43>)
     MUXCY:CI->O           1   0.059   0.000  calcfreq/Mcompar_NumTicks_cmp_gt0000_cy<44> (calcfreq/Mcompar_NumTicks_cmp_gt0000_cy<44>)
     MUXCY:CI->O           1   0.059   0.000  calcfreq/Mcompar_NumTicks_cmp_gt0000_cy<45> (calcfreq/Mcompar_NumTicks_cmp_gt0000_cy<45>)
     MUXCY:CI->O           1   0.059   0.000  calcfreq/Mcompar_NumTicks_cmp_gt0000_cy<46> (calcfreq/Mcompar_NumTicks_cmp_gt0000_cy<46>)
     MUXCY:CI->O          51   0.459   1.268  calcfreq/Mcompar_NumTicks_cmp_gt0000_cy<47> (calcfreq/Mcompar_NumTicks_cmp_gt0000_cy<47>)
     INV:I->O             32   0.704   1.262  calcfreq/Mcompar_NumTicks_cmp_gt0000_cy<47>_inv_1_INV_0 (calcfreq/Mcompar_NumTicks_cmp_gt0000_cy<47>_inv)
     FDE:CE                    0.555          calcfreq/TEMP_0
    ----------------------------------------
    Total                      9.387ns (6.191ns logic, 3.196ns route)
                                       (65.9% logic, 34.1% route)

=========================================================================
Timing constraint: Default OFFSET IN BEFORE for Clock 'serialclk/fSCLK_sig'
  Total number of paths / destination ports: 61 / 31
-------------------------------------------------------------------------
Offset:              7.839ns (Levels of Logic = 5)
  Source:            tune (PAD)
  Destination:       serialreciever/SB_STOPBIT (FF)
  Destination Clock: serialclk/fSCLK_sig rising

  Data Path: tune to serialreciever/SB_STOPBIT
                                Gate     Net
    Cell:in->out      fanout   Delay   Delay  Logical Name (Net Name)
    ----------------------------------------  ------------
     IBUF:I->O             7   1.218   0.787  tune_IBUF (tune_IBUF)
     LUT3:I1->O            1   0.704   0.455  control/cCS_SW1 (N4)
     LUT4:I2->O            5   0.704   0.808  control/cCS (CS_OBUF)
     LUT4:I0->O            1   0.704   0.424  serialreciever/SB_STOPBIT_or0000_SW0 (N11)
     LUT4:I3->O            1   0.704   0.420  serialreciever/SB_STOPBIT_or0000 (serialreciever/SB_STOPBIT_not0001_inv)
     FDR:R                     0.911          serialreciever/SB_STOPBIT
    ----------------------------------------
    Total                      7.839ns (4.945ns logic, 2.894ns route)
                                       (63.1% logic, 36.9% route)

=========================================================================
Timing constraint: Default OFFSET IN BEFORE for Clock 'CLK'
  Total number of paths / destination ports: 5233 / 21
-------------------------------------------------------------------------
Offset:              11.802ns (Levels of Logic = 35)
  Source:            stringsel<5> (PAD)
  Destination:       compare/LEDs_0 (FF)
  Destination Clock: CLK rising

  Data Path: stringsel<5> to compare/LEDs_0
                                Gate     Net
    Cell:in->out      fanout   Delay   Delay  Logical Name (Net Name)
    ----------------------------------------  ------------
     IBUF:I->O             7   1.218   0.883  stringsel_5_IBUF (stringsel_5_IBUF)
     LUT3:I0->O            5   0.704   0.637  compare/errorsig_cmp_eq000211 (compare/N0)
     LUT4:I3->O           18   0.704   1.243  compare/errorsig_cmp_eq00022 (compare/errorsig_cmp_eq0002)
     LUT4:I0->O            1   0.704   0.499  compare/upper_threshold<3>1 (compare/upper_threshold<3>)
     LUT2:I1->O            1   0.704   0.000  compare/Mcompar_LEDs_cmp_lt0000_lut<0> (compare/Mcompar_LEDs_cmp_lt0000_lut<0>)
     MUXCY:S->O            1   0.464   0.000  compare/Mcompar_LEDs_cmp_lt0000_cy<0> (compare/Mcompar_LEDs_cmp_lt0000_cy<0>)
     MUXCY:CI->O           1   0.059   0.000  compare/Mcompar_LEDs_cmp_lt0000_cy<1> (compare/Mcompar_LEDs_cmp_lt0000_cy<1>)
     MUXCY:CI->O           1   0.059   0.000  compare/Mcompar_LEDs_cmp_lt0000_cy<2> (compare/Mcompar_LEDs_cmp_lt0000_cy<2>)
     MUXCY:CI->O           1   0.059   0.000  compare/Mcompar_LEDs_cmp_lt0000_cy<3> (compare/Mcompar_LEDs_cmp_lt0000_cy<3>)
     MUXCY:CI->O           1   0.059   0.000  compare/Mcompar_LEDs_cmp_lt0000_cy<4> (compare/Mcompar_LEDs_cmp_lt0000_cy<4>)
     MUXCY:CI->O           1   0.059   0.000  compare/Mcompar_LEDs_cmp_lt0000_cy<5> (compare/Mcompar_LEDs_cmp_lt0000_cy<5>)
     MUXCY:CI->O           1   0.059   0.000  compare/Mcompar_LEDs_cmp_lt0000_cy<6> (compare/Mcompar_LEDs_cmp_lt0000_cy<6>)
     MUXCY:CI->O           1   0.059   0.000  compare/Mcompar_LEDs_cmp_lt0000_cy<7> (compare/Mcompar_LEDs_cmp_lt0000_cy<7>)
     MUXCY:CI->O           1   0.059   0.000  compare/Mcompar_LEDs_cmp_lt0000_cy<8> (compare/Mcompar_LEDs_cmp_lt0000_cy<8>)
     MUXCY:CI->O           1   0.059   0.000  compare/Mcompar_LEDs_cmp_lt0000_cy<9> (compare/Mcompar_LEDs_cmp_lt0000_cy<9>)
     MUXCY:CI->O           1   0.059   0.000  compare/Mcompar_LEDs_cmp_lt0000_cy<10> (compare/Mcompar_LEDs_cmp_lt0000_cy<10>)
     MUXCY:CI->O           1   0.059   0.000  compare/Mcompar_LEDs_cmp_lt0000_cy<11> (compare/Mcompar_LEDs_cmp_lt0000_cy<11>)
     MUXCY:CI->O           1   0.059   0.000  compare/Mcompar_LEDs_cmp_lt0000_cy<12> (compare/Mcompar_LEDs_cmp_lt0000_cy<12>)
     MUXCY:CI->O           1   0.059   0.000  compare/Mcompar_LEDs_cmp_lt0000_cy<13> (compare/Mcompar_LEDs_cmp_lt0000_cy<13>)
     MUXCY:CI->O           1   0.059   0.000  compare/Mcompar_LEDs_cmp_lt0000_cy<14> (compare/Mcompar_LEDs_cmp_lt0000_cy<14>)
     MUXCY:CI->O           1   0.059   0.000  compare/Mcompar_LEDs_cmp_lt0000_cy<15> (compare/Mcompar_LEDs_cmp_lt0000_cy<15>)
     MUXCY:CI->O           1   0.059   0.000  compare/Mcompar_LEDs_cmp_lt0000_cy<16> (compare/Mcompar_LEDs_cmp_lt0000_cy<16>)
     MUXCY:CI->O           1   0.059   0.000  compare/Mcompar_LEDs_cmp_lt0000_cy<17> (compare/Mcompar_LEDs_cmp_lt0000_cy<17>)
     MUXCY:CI->O           1   0.059   0.000  compare/Mcompar_LEDs_cmp_lt0000_cy<18> (compare/Mcompar_LEDs_cmp_lt0000_cy<18>)
     MUXCY:CI->O           1   0.059   0.000  compare/Mcompar_LEDs_cmp_lt0000_cy<19> (compare/Mcompar_LEDs_cmp_lt0000_cy<19>)
     MUXCY:CI->O           1   0.059   0.000  compare/Mcompar_LEDs_cmp_lt0000_cy<20> (compare/Mcompar_LEDs_cmp_lt0000_cy<20>)
     MUXCY:CI->O           1   0.059   0.000  compare/Mcompar_LEDs_cmp_lt0000_cy<21> (compare/Mcompar_LEDs_cmp_lt0000_cy<21>)
     MUXCY:CI->O           1   0.059   0.000  compare/Mcompar_LEDs_cmp_lt0000_cy<22> (compare/Mcompar_LEDs_cmp_lt0000_cy<22>)
     MUXCY:CI->O           1   0.059   0.000  compare/Mcompar_LEDs_cmp_lt0000_cy<23> (compare/Mcompar_LEDs_cmp_lt0000_cy<23>)
     MUXCY:CI->O           1   0.059   0.000  compare/Mcompar_LEDs_cmp_lt0000_cy<24> (compare/Mcompar_LEDs_cmp_lt0000_cy<24>)
     MUXCY:CI->O           1   0.059   0.000  compare/Mcompar_LEDs_cmp_lt0000_cy<25> (compare/Mcompar_LEDs_cmp_lt0000_cy<25>)
     MUXCY:CI->O           1   0.059   0.000  compare/Mcompar_LEDs_cmp_lt0000_cy<26> (compare/Mcompar_LEDs_cmp_lt0000_cy<26>)
     MUXCY:CI->O           1   0.059   0.000  compare/Mcompar_LEDs_cmp_lt0000_cy<27> (compare/Mcompar_LEDs_cmp_lt0000_cy<27>)
     MUXCY:CI->O           3   0.459   0.531  compare/Mcompar_LEDs_cmp_lt0000_cy<28> (compare/Mcompar_LEDs_cmp_lt0000_cy<28>)
     INV:I->O              2   0.704   0.447  compare/Mcompar_LEDs_cmp_lt0000_cy<28>_inv_INV_0 (compare/lower_threshold<0>1)
     FDS:D                     0.308          compare/LEDs_0
    ----------------------------------------
    Total                     11.802ns (7.562ns logic, 4.240ns route)
                                       (64.1% logic, 35.9% route)

=========================================================================
Timing constraint: Default OFFSET OUT AFTER for Clock 'CLK'
  Total number of paths / destination ports: 27 / 12
-------------------------------------------------------------------------
Offset:              7.693ns (Levels of Logic = 4)
  Source:            control/PS_FSM_FFd1 (FF)
  Destination:       high (PAD)
  Source Clock:      CLK rising

  Data Path: control/PS_FSM_FFd1 to high
                                Gate     Net
    Cell:in->out      fanout   Delay   Delay  Logical Name (Net Name)
    ----------------------------------------  ------------
     FDS:C->Q             17   0.591   1.226  control/PS_FSM_FFd1 (control/PS_FSM_FFd1)
     LUT3:I0->O            1   0.704   0.455  control/lastamp29_SW0 (N18)
     LUT3:I2->O            1   0.704   0.000  control/lastamp35_G (N27)
     MUXF5:I1->O           1   0.321   0.420  control/lastamp35 (high_OBUF)
     OBUF:I->O                 3.272          high_OBUF (high)
    ----------------------------------------
    Total                      7.693ns (5.592ns logic, 2.101ns route)
                                       (72.7% logic, 27.3% route)

=========================================================================
Timing constraint: Default OFFSET OUT AFTER for Clock 'serialclk/fSCLK_sig'
  Total number of paths / destination ports: 34 / 14
-------------------------------------------------------------------------
Offset:              9.646ns (Levels of Logic = 6)
  Source:            serialreciever/preg_5 (FF)
  Destination:       high (PAD)
  Source Clock:      serialclk/fSCLK_sig rising

  Data Path: serialreciever/preg_5 to high
                                Gate     Net
    Cell:in->out      fanout   Delay   Delay  Logical Name (Net Name)
    ----------------------------------------  ------------
     FDE:C->Q              3   0.591   0.706  serialreciever/preg_5 (serialreciever/preg_5)
     LUT3:I0->O            1   0.704   0.455  control/PS_cmp_gt000222 (control/PS_cmp_gt000222)
     LUT4:I2->O            3   0.704   0.610  control/PS_cmp_gt0002223 (control/PS_cmp_gt0002223)
     LUT3:I1->O            1   0.704   0.455  control/lastamp29_SW0 (N18)
     LUT3:I2->O            1   0.704   0.000  control/lastamp35_G (N27)
     MUXF5:I1->O           1   0.321   0.420  control/lastamp35 (high_OBUF)
     OBUF:I->O                 3.272          high_OBUF (high)
    ----------------------------------------
    Total                      9.646ns (7.000ns logic, 2.646ns route)
                                       (72.6% logic, 27.4% route)

=========================================================================
Timing constraint: Default OFFSET OUT AFTER for Clock 'pulse_OBUF1'
  Total number of paths / destination ports: 3 / 2
-------------------------------------------------------------------------
Offset:              6.122ns (Levels of Logic = 3)
  Source:            calcfreq/NOSIGNAL (FF)
  Destination:       pulse (PAD)
  Source Clock:      pulse_OBUF1 rising

  Data Path: calcfreq/NOSIGNAL to pulse
                                Gate     Net
    Cell:in->out      fanout   Delay   Delay  Logical Name (Net Name)
    ----------------------------------------  ------------
     FDR:C->Q              7   0.591   0.787  calcfreq/NOSIGNAL (calcfreq/NOSIGNAL)
     LUT4:I1->O            1   0.704   0.000  control/freq_pulse12 (control/freq_pulse11)
     MUXF5:I0->O           2   0.321   0.447  control/freq_pulse1_f5 (pulse_OBUF1)
     OBUF:I->O                 3.272          pulse_OBUF (pulse)
    ----------------------------------------
    Total                      6.122ns (4.888ns logic, 1.234ns route)
                                       (79.8% logic, 20.2% route)

=========================================================================
Timing constraint: Default path analysis
  Total number of paths / destination ports: 2 / 1
-------------------------------------------------------------------------
Delay:               7.773ns (Levels of Logic = 4)
  Source:            tune (PAD)
  Destination:       CS (PAD)

  Data Path: tune to CS
                                Gate     Net
    Cell:in->out      fanout   Delay   Delay  Logical Name (Net Name)
    ----------------------------------------  ------------
     IBUF:I->O             7   1.218   0.787  tune_IBUF (tune_IBUF)
     LUT3:I1->O            1   0.704   0.455  control/cCS_SW1 (N4)
     LUT4:I2->O            5   0.704   0.633  control/cCS (CS_OBUF)
     OBUF:I->O                 3.272          CS_OBUF (CS)
    ----------------------------------------
    Total                      7.773ns (5.898ns logic, 1.875ns route)
                                       (75.9% logic, 24.1% route)

=========================================================================


Total REAL time to Xst completion: 9.00 secs
Total CPU time to Xst completion: 8.59 secs
 
--> 

Total memory usage is 287644 kilobytes

Number of errors   :    0 (   0 filtered)
Number of warnings :   26 (   0 filtered)
Number of infos    :    9 (   0 filtered)

