ISim log file
Running: C:\newfiles\am822\sinwave_tb_isim_beh.exe -intstyle ise -gui -tclbatch isim.cmd -wdb C:/newfiles/am822/sinwave_tb_isim_beh.wdb 
ISim P.49d (signature 0x7708f090)
This is a Full version of ISim.
Time resolution is 1 ps
# onerror resume
# wave add /
# run 1000 ns
Simulator is doing circuit initialization process.
at 0 ps, Instance /sinwave_tb/UUT/control/ : Warning: NUMERIC_STD.">": metavalue detected, returning FALSE
at 0 ps, Instance /sinwave_tb/UUT/control/ : Warning: NUMERIC_STD.">": metavalue detected, returning FALSE
Finished circuit initialization process.
# run 100.00us
# run 100.00us
# run 100.00us
# run 100.00us
# run 100.00us
# run 100.00us
# run 100.00us
# run 100.00us
# run 100.00us
# run 100.00us
# run 100.00us
# run 100.00us
# run 100.00us
ISim P.49d (signature 0x7708f090)
This is a Full version of ISim.
# run 1000 ns
Simulator is doing circuit initialization process.
at 0 ps, Instance /sinwave_tb/UUT/control/ : Warning: NUMERIC_STD.">": metavalue detected, returning FALSE
at 0 ps, Instance /sinwave_tb/UUT/control/ : Warning: NUMERIC_STD.">": metavalue detected, returning FALSE
Finished circuit initialization process.
# restart
# run 10 ms
Simulator is doing circuit initialization process.
at 0 ps, Instance /sinwave_tb/UUT/control/ : Warning: NUMERIC_STD.">": metavalue detected, returning FALSE
at 0 ps, Instance /sinwave_tb/UUT/control/ : Warning: NUMERIC_STD.">": metavalue detected, returning FALSE
Finished circuit initialization process.
ISim P.49d (signature 0x7708f090)
This is a Full version of ISim.
# run 1000 ns
Simulator is doing circuit initialization process.
at 0 ps, Instance /sinwave_tb/UUT/control/ : Warning: NUMERIC_STD.">": metavalue detected, returning FALSE
at 0 ps, Instance /sinwave_tb/UUT/control/ : Warning: NUMERIC_STD.">": metavalue detected, returning FALSE
Finished circuit initialization process.
# restart
# run 10 ms
Simulator is doing circuit initialization process.
at 0 ps, Instance /sinwave_tb/UUT/control/ : Warning: NUMERIC_STD.">": metavalue detected, returning FALSE
at 0 ps, Instance /sinwave_tb/UUT/control/ : Warning: NUMERIC_STD.">": metavalue detected, returning FALSE
Finished circuit initialization process.
ISim P.49d (signature 0x7708f090)
This is a Full version of ISim.
# run 1000 ns
Simulator is doing circuit initialization process.
at 0 ps, Instance /sinwave_tb/UUT/control/ : Warning: NUMERIC_STD.">": metavalue detected, returning FALSE
at 0 ps, Instance /sinwave_tb/UUT/control/ : Warning: NUMERIC_STD.">": metavalue detected, returning FALSE
Finished circuit initialization process.
# restart
# run 10 ms
Simulator is doing circuit initialization process.
at 0 ps, Instance /sinwave_tb/UUT/control/ : Warning: NUMERIC_STD.">": metavalue detected, returning FALSE
at 0 ps, Instance /sinwave_tb/UUT/control/ : Warning: NUMERIC_STD.">": metavalue detected, returning FALSE
Finished circuit initialization process.
# restart
ISim P.49d (signature 0x7708f090)
This is a Full version of ISim.
# run 1000 ns
Simulator is doing circuit initialization process.
at 0 ps, Instance /sinwave_tb/UUT/control/ : Warning: NUMERIC_STD.">": metavalue detected, returning FALSE
at 0 ps, Instance /sinwave_tb/UUT/control/ : Warning: NUMERIC_STD.">": metavalue detected, returning FALSE
Finished circuit initialization process.
# restart
# run 10 ms
Simulator is doing circuit initialization process.
at 0 ps, Instance /sinwave_tb/UUT/control/ : Warning: NUMERIC_STD.">": metavalue detected, returning FALSE
at 0 ps, Instance /sinwave_tb/UUT/control/ : Warning: NUMERIC_STD.">": metavalue detected, returning FALSE
Finished circuit initialization process.
# run 100.00us
# run 100.00us
# run 100.00us
# run 100.00us
# run 100.00us
# run 100 ms
# run 100 ms
ISim P.49d (signature 0x7708f090)
This is a Full version of ISim.
# run 1000 ns
Simulator is doing circuit initialization process.
at 0 ps, Instance /sinwave_tb/UUT/control/ : Warning: NUMERIC_STD.">": metavalue detected, returning FALSE
at 0 ps, Instance /sinwave_tb/UUT/control/ : Warning: NUMERIC_STD.">": metavalue detected, returning FALSE
Finished circuit initialization process.
# run 100 ms
ISim P.49d (signature 0x7708f090)
This is a Full version of ISim.
# run 1000 ns
Simulator is doing circuit initialization process.
at 0 ps, Instance /sinwave_tb/UUT/control/ : Warning: NUMERIC_STD.">": metavalue detected, returning FALSE
at 0 ps, Instance /sinwave_tb/UUT/control/ : Warning: NUMERIC_STD.">": metavalue detected, returning FALSE
Finished circuit initialization process.
# run 100 ms
ISim P.49d (signature 0x7708f090)
This is a Full version of ISim.
# run 1000 ns
Simulator is doing circuit initialization process.
at 0 ps, Instance /sinwave_tb/UUT/control/ : Warning: NUMERIC_STD.">": metavalue detected, returning FALSE
at 0 ps, Instance /sinwave_tb/UUT/control/ : Warning: NUMERIC_STD.">": metavalue detected, returning FALSE
Finished circuit initialization process.
# run 100 ms
Stopped at time : 58803540 ns : File "C:/newfiles/freqcalc.vhd" Line 62
ISim P.49d (signature 0x7708f090)
This is a Full version of ISim.
# run 1000 ns
Simulator is doing circuit initialization process.
at 0 ps, Instance /sinwave_tb/UUT/control/ : Warning: NUMERIC_STD.">": metavalue detected, returning FALSE
at 0 ps, Instance /sinwave_tb/UUT/control/ : Warning: NUMERIC_STD.">": metavalue detected, returning FALSE
Finished circuit initialization process.
# run 100 ms
Stopped at time : 69854740 ns : File "C:/newfiles/s_rate_GEN.vhd" Line 47
ISim P.49d (signature 0x7708f090)
This is a Full version of ISim.
# run 1000 ns
Simulator is doing circuit initialization process.
at 0 ps, Instance /sinwave_tb/UUT/control/ : Warning: NUMERIC_STD.">": metavalue detected, returning FALSE
at 0 ps, Instance /sinwave_tb/UUT/control/ : Warning: NUMERIC_STD.">": metavalue detected, returning FALSE
Finished circuit initialization process.
# run 100 ms
