Release 14.4 - xst P.49d (nt64)
Copyright (c) 1995-2012 Xilinx, Inc.  All rights reserved.
--> Parameter TMPDIR set to xst/projnav.tmp


Total REAL time to Xst completion: 0.00 secs
Total CPU time to Xst completion: 0.16 secs
 
--> Parameter xsthdpdir set to xst


Total REAL time to Xst completion: 0.00 secs
Total CPU time to Xst completion: 0.17 secs
 
--> Reading design: tail_light.prj

TABLE OF CONTENTS
  1) Synthesis Options Summary
  2) HDL Compilation
  3) Design Hierarchy Analysis
  4) HDL Analysis
  5) HDL Synthesis
     5.1) HDL Synthesis Report
  6) Advanced HDL Synthesis
     6.1) Advanced HDL Synthesis Report
  7) Low Level Synthesis
  8) Partition Report
  9) Final Report
	9.1) Device utilization summary
	9.2) Partition Resource Summary
	9.3) TIMING REPORT


=========================================================================
*                      Synthesis Options Summary                        *
=========================================================================
---- Source Parameters
Input File Name                    : "tail_light.prj"
Input Format                       : mixed
Ignore Synthesis Constraint File   : NO

---- Target Parameters
Output File Name                   : "tail_light"
Output Format                      : NGC
Target Device                      : xc3s100e-4-cp132

---- Source Options
Top Module Name                    : tail_light
Automatic FSM Extraction           : YES
FSM Encoding Algorithm             : Auto
Safe Implementation                : No
FSM Style                          : LUT
RAM Extraction                     : Yes
RAM Style                          : Auto
ROM Extraction                     : Yes
Mux Style                          : Auto
Decoder Extraction                 : YES
Priority Encoder Extraction        : Yes
Shift Register Extraction          : YES
Logical Shifter Extraction         : YES
XOR Collapsing                     : YES
ROM Style                          : Auto
Mux Extraction                     : Yes
Resource Sharing                   : YES
Asynchronous To Synchronous        : NO
Multiplier Style                   : Auto
Automatic Register Balancing       : No

---- Target Options
Add IO Buffers                     : YES
Global Maximum Fanout              : 100000
Add Generic Clock Buffer(BUFG)     : 24
Register Duplication               : YES
Slice Packing                      : YES
Optimize Instantiated Primitives   : NO
Use Clock Enable                   : Yes
Use Synchronous Set                : Yes
Use Synchronous Reset              : Yes
Pack IO Registers into IOBs        : Auto
Equivalent register Removal        : YES

---- General Options
Optimization Goal                  : Speed
Optimization Effort                : 1
Keep Hierarchy                     : No
Netlist Hierarchy                  : As_Optimized
RTL Output                         : Yes
Global Optimization                : AllClockNets
Read Cores                         : YES
Write Timing Constraints           : NO
Cross Clock Analysis               : NO
Hierarchy Separator                : /
Bus Delimiter                      : <>
Case Specifier                     : Maintain
Slice Utilization Ratio            : 100
BRAM Utilization Ratio             : 100
Verilog 2001                       : YES
Auto BRAM Packing                  : NO
Slice Utilization Ratio Delta      : 5

=========================================================================


=========================================================================
*                          HDL Compilation                              *
=========================================================================
Compiling vhdl file "//thayerfs/d36937q/Desktop/Digitaldesign/Lab2/lab2prob5taillight/tail_light.vhd" in Library work.
Architecture t_bird of Entity tail_light is up to date.

=========================================================================
*                     Design Hierarchy Analysis                         *
=========================================================================
Analyzing hierarchy for entity <tail_light> in library <work> (architecture <t_bird>).


=========================================================================
*                            HDL Analysis                               *
=========================================================================
Analyzing Entity <tail_light> in library <work> (Architecture <t_bird>).
Entity <tail_light> analyzed. Unit <tail_light> generated.


=========================================================================
*                           HDL Synthesis                               *
=========================================================================

Performing bidirectional port resolution...

Synthesizing Unit <tail_light>.
    Related source file is "//thayerfs/d36937q/Desktop/Digitaldesign/Lab2/lab2prob5taillight/tail_light.vhd".
    Found finite state machine <FSM_0> for signal <PS>.
    -----------------------------------------------------------------------
    | States             | 8                                              |
    | Transitions        | 20                                             |
    | Inputs             | 3                                              |
    | Outputs            | 6                                              |
    | Clock              | clk                       (rising_edge)        |
    | Power Up State     | off                                            |
    | Encoding           | automatic                                      |
    | Implementation     | LUT                                            |
    -----------------------------------------------------------------------
    Summary:
	inferred   1 Finite State Machine(s).
Unit <tail_light> synthesized.


=========================================================================
HDL Synthesis Report

Found no macro
=========================================================================

=========================================================================
*                       Advanced HDL Synthesis                          *
=========================================================================

Analyzing FSM <FSM_0> for best encoding.
Optimizing FSM <PS/FSM> on signal <PS[1:3]> with user encoding.
-------------------
 State | Encoding
-------------------
 off   | 000
 l1    | 001
 l2    | 010
 l3    | 011
 r1    | 100
 r2    | 101
 r3    | 110
 haz   | 111
-------------------

=========================================================================
Advanced HDL Synthesis Report

Macro Statistics
# FSMs                                                 : 1

=========================================================================

=========================================================================
*                         Low Level Synthesis                           *
=========================================================================

Optimizing unit <tail_light> ...

Mapping all equations...
Building and optimizing final netlist ...
Found area constraint ratio of 100 (+ 5) on block tail_light, actual ratio is 0.

Final Macro Processing ...

=========================================================================
Final Register Report

Macro Statistics
# Registers                                            : 3
 Flip-Flops                                            : 3

=========================================================================

=========================================================================
*                           Partition Report                            *
=========================================================================

Partition Implementation Status
-------------------------------

  No Partitions were found in this design.

-------------------------------

=========================================================================
*                            Final Report                               *
=========================================================================
Final Results
RTL Top Level Output File Name     : tail_light.ngr
Top Level Output File Name         : tail_light
Output Format                      : NGC
Optimization Goal                  : Speed
Keep Hierarchy                     : No

Design Statistics
# IOs                              : 10

Cell Usage :
# BELS                             : 12
#      LUT2                        : 2
#      LUT3                        : 3
#      LUT4                        : 5
#      LUT4_L                      : 1
#      MUXF5                       : 1
# FlipFlops/Latches                : 3
#      FD                          : 3
# Clock Buffers                    : 1
#      BUFGP                       : 1
# IO Buffers                       : 9
#      IBUF                        : 3
#      OBUF                        : 6
=========================================================================

Device utilization summary:
---------------------------

Selected Device : 3s100ecp132-4 

 Number of Slices:                        6  out of    960     0%  
 Number of Slice Flip Flops:              3  out of   1920     0%  
 Number of 4 input LUTs:                 11  out of   1920     0%  
 Number of IOs:                          10
 Number of bonded IOBs:                  10  out of     83    12%  
 Number of GCLKs:                         1  out of     24     4%  

---------------------------
Partition Resource Summary:
---------------------------

  No Partitions were found in this design.

---------------------------


=========================================================================
TIMING REPORT

NOTE: THESE TIMING NUMBERS ARE ONLY A SYNTHESIS ESTIMATE.
      FOR ACCURATE TIMING INFORMATION PLEASE REFER TO THE TRACE REPORT
      GENERATED AFTER PLACE-and-ROUTE.

Clock Information:
------------------
-----------------------------------+------------------------+-------+
Clock Signal                       | Clock buffer(FF name)  | Load  |
-----------------------------------+------------------------+-------+
clk                                | BUFGP                  | 3     |
-----------------------------------+------------------------+-------+

Asynchronous Control Signals Information:
----------------------------------------
No asynchronous control signals found in this design

Timing Summary:
---------------
Speed Grade: -4

   Minimum period: 3.753ns (Maximum Frequency: 266.454MHz)
   Minimum input arrival time before clock: 4.095ns
   Maximum output required time after clock: 6.009ns
   Maximum combinational path delay: No path found

Timing Detail:
--------------
All values displayed in nanoseconds (ns)

=========================================================================
Timing constraint: Default period analysis for Clock 'clk'
  Clock period: 3.753ns (frequency: 266.453MHz)
  Total number of paths / destination ports: 14 / 3
-------------------------------------------------------------------------
Delay:               3.753ns (Levels of Logic = 2)
  Source:            PS_FSM_FFd2 (FF)
  Destination:       PS_FSM_FFd3 (FF)
  Source Clock:      clk rising
  Destination Clock: clk rising

  Data Path: PS_FSM_FFd2 to PS_FSM_FFd3
                                Gate     Net
    Cell:in->out      fanout   Delay   Delay  Logical Name (Net Name)
    ----------------------------------------  ------------
     FD:C->Q               9   0.591   0.995  PS_FSM_FFd2 (PS_FSM_FFd2)
     LUT2:I0->O            2   0.704   0.451  PS_FSM_Out31 (RC_OBUF)
     LUT4:I3->O            1   0.704   0.000  PS_FSM_FFd3-In (PS_FSM_FFd3-In)
     FD:D                      0.308          PS_FSM_FFd3
    ----------------------------------------
    Total                      3.753ns (2.307ns logic, 1.446ns route)
                                       (61.5% logic, 38.5% route)

=========================================================================
Timing constraint: Default OFFSET IN BEFORE for Clock 'clk'
  Total number of paths / destination ports: 10 / 3
-------------------------------------------------------------------------
Offset:              4.095ns (Levels of Logic = 3)
  Source:            right (PAD)
  Destination:       PS_FSM_FFd3 (FF)
  Destination Clock: clk rising

  Data Path: right to PS_FSM_FFd3
                                Gate     Net
    Cell:in->out      fanout   Delay   Delay  Logical Name (Net Name)
    ----------------------------------------  ------------
     IBUF:I->O             3   1.218   0.706  right_IBUF (right_IBUF)
     LUT4:I0->O            1   0.704   0.455  PS_FSM_FFd3-In_SW0 (N14)
     LUT4:I2->O            1   0.704   0.000  PS_FSM_FFd3-In (PS_FSM_FFd3-In)
     FD:D                      0.308          PS_FSM_FFd3
    ----------------------------------------
    Total                      4.095ns (2.934ns logic, 1.161ns route)
                                       (71.6% logic, 28.4% route)

=========================================================================
Timing constraint: Default OFFSET OUT AFTER for Clock 'clk'
  Total number of paths / destination ports: 14 / 6
-------------------------------------------------------------------------
Offset:              6.009ns (Levels of Logic = 2)
  Source:            PS_FSM_FFd2 (FF)
  Destination:       RC (PAD)
  Source Clock:      clk rising

  Data Path: PS_FSM_FFd2 to RC
                                Gate     Net
    Cell:in->out      fanout   Delay   Delay  Logical Name (Net Name)
    ----------------------------------------  ------------
     FD:C->Q               9   0.591   0.995  PS_FSM_FFd2 (PS_FSM_FFd2)
     LUT2:I0->O            2   0.704   0.447  PS_FSM_Out31 (RC_OBUF)
     OBUF:I->O                 3.272          RC_OBUF (RC)
    ----------------------------------------
    Total                      6.009ns (4.567ns logic, 1.442ns route)
                                       (76.0% logic, 24.0% route)

=========================================================================


Total REAL time to Xst completion: 5.00 secs
Total CPU time to Xst completion: 4.50 secs
 
--> 

Total memory usage is 258980 kilobytes

Number of errors   :    0 (   0 filtered)
Number of warnings :    0 (   0 filtered)
Number of infos    :    0 (   0 filtered)

